Ansys Lumerical 2022 R2.4 FDTD Solver Version 8.28.3216 (Windows 64bit)
 expires (month/day/year): 7/31/2024
using config file: Ansys Licensing set with ANSYSLMD_LICENSE_FILE
license host: 1055@ece-winlic.ece.gatech.edu
current time: Wed Jan 24 13:19:40 2024
Running on host: ece-bh249-01
host available memory (GB): 70.138503
All processes are communicating and ready to proceed to simulation...
Running fsp file: C:\Program Files\Lumerical\v222\bin\fdtd-engine-msmpi.exe -t 4 -remote -shared-solve-license QU5TWVNfTElDRU5TSU5HX0NPTlRFWFRfREFUQT08QU5TWVNfTElDRU5TSU5HX0NPTlRFWFRfREFUQT48SUQ+ZGU5NGM0NWMtZGFlOS00YWY3LThkNDgtZTQyZjFkNjYwZmJjPC9JRD48VFlQRT5BUFBfREVGSU5FRDwvVFlQRT48TkFNRT5sdW1fc3RhbmRhcmRfc29sdmVfc2hhcmU8L05BTUU+PEhBTkRMRVI+NTYyMThAZWNlLWJoMjQ5LTAxLmFkLmdhdGVjaC5lZHU8L0hBTkRMRVI+PC9BTlNZU19MSUNFTlNJTkdfQ09OVEVYVF9EQVRBPgo= D:/1_17_leaky14_type5.fsp
Starting meshing
Simulation size in gridpoints: 1 x 24 x 69
Refined 0 mesh cells (0%)
Completed meshing!
Meshing complete in 0 seconds of CPU time
Starting meshing
Simulation size in gridpoints: 1 x 24 x 69
Refined 0 mesh cells (0%)
Completed meshing!
Meshing complete in 0 seconds of CPU time
Starting meshing
Simulation size in gridpoints: 1 x 24 x 69
Refined 0 mesh cells (0%)
Completed meshing!
Meshing complete in 0 seconds of CPU time
number of processors is 4
processors are distributed as: 1x1x4
Running 3D Simulation
Starting meshing
Simulation size in gridpoints: 37 x 24 x 21
Refined 0 mesh cells (0%)
Completed meshing!
Meshing complete in 0 seconds of CPU time
0 0
Starting meshing
Simulation size in gridpoints: 37 x 24 x 21
Refined 0 mesh cells (0%)
Completed meshing!
Meshing complete in 0 seconds of CPU time
0 0
Starting meshing
Simulation size in gridpoints: 37 x 24 x 21
Refined 0 mesh cells (0%)
Completed meshing!
Meshing complete in 0 seconds of CPU time
0 0
finished material properties
Meshing Time: 0.0036313 seconds, Init Electrical Material Time: 0.0030391 seconds, Init Magnetic Material Time: 4.07e-05
Using selected optimization level: 2
Selecting 3d kernel for splitFieldDirection=0 and optLevel=2
-----------------------------------------
Beginning initialization of 3D Simulation
Starting to add sources to simulation
Adding 3D Mode source propagating in X
Starting to add boundary conditions to simulation
Adding 3D PML BC
Adding 3D PML BC
Adding 3D Periodic BC
Adding 3D Periodic BC
Adding 3D PML BC
Adding 3D Parallel BC
Starting to add monitors to Simulation
Adding analysis monitor
Adding 3D DFT monitor
Adding 3D DFT monitor
Finished initialization of 3D Simulation
-----------------------------------------
All processes are communicating and ready to proceed to simulation...
Starting 15729 total iterations
0.305174% complete. Elapsed simulation time: 1.52587e-15 secs. Max time remaining: 8 secs. Auto Shutoff: 1
1.52587% complete. Elapsed simulation time: 7.62936e-15 secs. Max time remaining: 6 secs. Auto Shutoff: 1
3.15347% complete. Elapsed simulation time: 1.57673e-14 secs. Max time remaining: 5 secs. Auto Shutoff: 1
6.40866% complete. Elapsed simulation time: 3.20433e-14 secs. Max time remaining: 5 secs. Auto Shutoff: 0.0056306
12.9191% complete. Elapsed simulation time: 6.45953e-14 secs. Max time remaining: 4 secs. Auto Shutoff: 0.000238376
16.9308% complete. Elapsed simulation time: 8.46541e-14 secs. Max time remaining: 4 secs. Auto Shutoff: 9.67375e-05
100% complete. Max time remaining: 0 mins, 0 secs. Auto Shutoff: 9.67375e-05
Early termination of simulation, the autoshutoff criteria are satisfied.
Completed 2663 iterations, or 8.465412e-14s of Simulation Time
Process 0 starting to collect data
    collecting monitor data
    collecting source data
Finished collecting data
Simulation completed successfully at: Wed Jan 24 13:19:42 2024
Overall wall time measurements in seconds: 1.65463
    time to mesh and initialize: 0.0732677
    time to run FDTD simulation: 0.843484
    time to checkpoint simulation: 4e-07
    time to finalize data and save to files: 0.0107063
    miscellaneous time: 0.727144
    FDTD solver speed on process 0: 58.8744 Mnodes/s
    total FDTD solver speed on 4 processes: 235.498 Mnodes/s
