Ansys Lumerical 2022 R2.4 FDTD Solver Version 8.28.3216 (Windows 64bit)
 expires (month/day/year): 7/31/2024
using config file: Ansys Licensing set with ANSYSLMD_LICENSE_FILE
license host: 1055@ece-winlic.ece.gatech.edu
current time: Tue Jan 9 15:55:06 2024
Running on host: ece-bh249-01
host available memory (GB): 71.218819
All processes are communicating and ready to proceed to simulation...
Running fsp file: C:\Program Files\Lumerical\v222\bin\fdtd-engine-msmpi.exe -t 4 -remote -shared-solve-license QU5TWVNfTElDRU5TSU5HX0NPTlRFWFRfREFUQT08QU5TWVNfTElDRU5TSU5HX0NPTlRFWFRfREFUQT48SUQ+YzY5M2MyYjEtNWQ4OS00NjFhLTljYjMtYmZhODNhNWMwY2M0PC9JRD48VFlQRT5BUFBfREVGSU5FRDwvVFlQRT48TkFNRT5sdW1fc3RhbmRhcmRfc29sdmVfc2hhcmU8L05BTUU+PEhBTkRMRVI+NTYyMThAZWNlLWJoMjQ5LTAxLmFkLmdhdGVjaC5lZHU8L0hBTkRMRVI+PC9BTlNZU19MSUNFTlNJTkdfQ09OVEVYVF9EQVRBPgo= D:/ellipsoid_01_09_24_100nm_wg.fsp
Starting meshing
Simulation size in gridpoints: 1 x 24 x 94
Refined 0 mesh cells (0%)
Completed meshing!
Meshing complete in 0 seconds of CPU time
Starting meshing
Simulation size in gridpoints: 1 x 24 x 94
Refined 0 mesh cells (0%)
Completed meshing!
Meshing complete in 0 seconds of CPU time
Starting meshing
Simulation size in gridpoints: 1 x 24 x 94
Refined 0 mesh cells (0%)
Completed meshing!
Meshing complete in 0 seconds of CPU time
number of processors is 4
processors are distributed as: 1x1x4
Running 3D Simulation
Starting meshing
Simulation size in gridpoints: 30 x 24 x 28
Refined 0 mesh cells (0%)
Completed meshing!
Meshing complete in 0.125 seconds of CPU time
0 0
Starting meshing
Simulation size in gridpoints: 30 x 24 x 28
Refined 0 mesh cells (0%)
Completed meshing!
Meshing complete in 0.078125 seconds of CPU time
0 0
Starting meshing
Simulation size in gridpoints: 30 x 24 x 28
Refined 0 mesh cells (0%)
Completed meshing!
Meshing complete in 0.171875 seconds of CPU time
0 0
finished material properties
Meshing Time: 0.041779 seconds, Init Electrical Material Time: 0.0027218 seconds, Init Magnetic Material Time: 6.8e-05
Using selected optimization level: 2
Selecting 3d kernel for splitFieldDirection=0 and optLevel=2
-----------------------------------------
Beginning initialization of 3D Simulation
Starting to add sources to simulation
Adding 3D Mode source propagating in X
Starting to add boundary conditions to simulation
Adding 3D PML BC
Adding 3D PML BC
Adding 3D Bloch BC
Adding 3D Bloch BC
Adding 3D PML BC
Adding 3D Parallel BC
Starting to add monitors to Simulation
Adding analysis monitor
Adding 3D DFT monitor
Adding 3D DFT monitor
Finished initialization of 3D Simulation
-----------------------------------------
All processes are communicating and ready to proceed to simulation...
Starting 11387 total iterations
0.42154% complete. Elapsed simulation time: 2.1077e-15 secs. Max time remaining: 17 secs. Auto Shutoff: 1
2.1077% complete. Elapsed simulation time: 1.05385e-14 secs. Max time remaining: 16 secs. Auto Shutoff: 1
4.35591% complete. Elapsed simulation time: 2.17796e-14 secs. Max time remaining: 16 secs. Auto Shutoff: 1
8.85234% complete. Elapsed simulation time: 4.42617e-14 secs. Max time remaining: 15 secs. Auto Shutoff: 0.00106682
17.8452% complete. Elapsed simulation time: 8.9226e-14 secs. Max time remaining: 12 secs. Auto Shutoff: 0.000102587
100% complete. Max time remaining: 0 mins, 0 secs. Auto Shutoff: 9.00793e-05
Early termination of simulation, the autoshutoff criteria are satisfied.
Completed 2053 iterations, or 9.014810e-14s of Simulation Time
Process 0 starting to collect data
    collecting monitor data
    collecting source data
Finished collecting data
Simulation completed successfully at: Tue Jan 9 15:55:09 2024
Overall wall time measurements in seconds: 3.62634
    time to mesh and initialize: 0.128066
    time to run FDTD simulation: 2.61076
    time to checkpoint simulation: 5e-07
    time to finalize data and save to files: 0.0132101
    miscellaneous time: 0.874233
    FDTD solver speed on process 0: 15.853 Mnodes/s
    total FDTD solver speed on 4 processes: 63.412 Mnodes/s
