Ansys Lumerical 2022 R2.4 FDTD Solver Version 8.28.3216 (Windows 64bit)
 expires (month/day/year): 7/31/2024
using config file: Ansys Licensing set with ANSYSLMD_LICENSE_FILE
license host: 1055@ece-winlic.ece.gatech.edu
current time: Sun Jan 7 21:51:02 2024
Running on host: ece-bh249-01
host available memory (GB): 74.275828
All processes are communicating and ready to proceed to simulation...
Running fsp file: C:\Program Files\Lumerical\v222\bin\fdtd-engine-msmpi.exe -t 4 -remote -shared-solve-license QU5TWVNfTElDRU5TSU5HX0NPTlRFWFRfREFUQT08QU5TWVNfTElDRU5TSU5HX0NPTlRFWFRfREFUQT48SUQ+YTFmMDA4ZTYtYzY2OS00NjBiLTk5NGUtYmY3NjU1NDZmMTdiPC9JRD48VFlQRT5BUFBfREVGSU5FRDwvVFlQRT48TkFNRT5sdW1fc3RhbmRhcmRfc29sdmVfc2hhcmU8L05BTUU+PEhBTkRMRVI+NTYyMThAZWNlLWJoMjQ5LTAxLmFkLmdhdGVjaC5lZHU8L0hBTkRMRVI+PC9BTlNZU19MSUNFTlNJTkdfQ09OVEVYVF9EQVRBPgo= D:/etched_4_rotated_ellipsoid_1_7_24_type2.fsp
Starting meshing
Simulation size in gridpoints: 1 x 24 x 72
Refined 0 mesh cells (0%)
Completed meshing!
Meshing complete in 0 seconds of CPU time
Starting meshing
Simulation size in gridpoints: 1 x 24 x 72
Refined 0 mesh cells (0%)
Completed meshing!
Meshing complete in 0 seconds of CPU time
Starting meshing
Simulation size in gridpoints: 1 x 24 x 72
Refined 0 mesh cells (0%)
Completed meshing!
Meshing complete in 0 seconds of CPU time
number of processors is 4
processors are distributed as: 1x1x4
Running 3D Simulation
Starting meshing
Simulation size in gridpoints: 28 x 24 x 22
Refined 0 mesh cells (0%)
Completed meshing!
Meshing complete in 0 seconds of CPU time
0 0
Starting meshing
Simulation size in gridpoints: 28 x 24 x 22
Refined 0 mesh cells (0%)
Completed meshing!
Meshing complete in 0 seconds of CPU time
0 0
Starting meshing
Simulation size in gridpoints: 28 x 24 x 22
Refined 0 mesh cells (0%)
Completed meshing!
Meshing complete in 0 seconds of CPU time
0 0
finished material properties
Meshing Time: 0.0024092 seconds, Init Electrical Material Time: 0.0016544 seconds, Init Magnetic Material Time: 5.32e-05
Using selected optimization level: 2
Selecting 3d kernel for splitFieldDirection=0 and optLevel=2
-----------------------------------------
Beginning initialization of 3D Simulation
Starting to add sources to simulation
Adding 3D Mode source propagating in X
Starting to add boundary conditions to simulation
Adding 3D PML BC
Adding 3D PML BC
Adding 3D Bloch BC
Adding 3D Bloch BC
Adding 3D PML BC
Adding 3D Parallel BC
Starting to add monitors to Simulation
Adding analysis monitor
Adding 3D DFT monitor
Finished initialization of 3D Simulation
-----------------------------------------
All processes are communicating and ready to proceed to simulation...
Starting 15773 total iterations
0.304316% complete. Elapsed simulation time: 1.52158e-15 secs. Max time remaining: 16 secs. Auto Shutoff: 1
1.52158% complete. Elapsed simulation time: 7.6079e-15 secs. Max time remaining: 13 secs. Auto Shutoff: 1
3.1446% complete. Elapsed simulation time: 1.5723e-14 secs. Max time remaining: 13 secs. Auto Shutoff: 1
6.39063% complete. Elapsed simulation time: 3.19532e-14 secs. Max time remaining: 12 secs. Auto Shutoff: 0.000821555
10.4926% complete. Elapsed simulation time: 5.24628e-14 secs. Max time remaining: 11 secs. Auto Shutoff: 9.87311e-05
100% complete. Max time remaining: 0 mins, 0 secs. Auto Shutoff: 9.87311e-05
Early termination of simulation, the autoshutoff criteria are satisfied.
Completed 1655 iterations, or 5.246280e-14s of Simulation Time
Process 0 starting to collect data
    collecting monitor data
    collecting source data
Finished collecting data
Simulation completed successfully at: Sun Jan 7 21:51:04 2024
Overall wall time measurements in seconds: 2.12937
    time to mesh and initialize: 0.0860619
    time to run FDTD simulation: 1.3427
    time to checkpoint simulation: 4e-07
    time to finalize data and save to files: 0.0118172
    miscellaneous time: 0.688767
    FDTD solver speed on process 0: 18.2226 Mnodes/s
    total FDTD solver speed on 4 processes: 72.8906 Mnodes/s
