Ansys Lumerical 2022 R2.4 FDTD Solver Version 8.28.3216 (Windows 64bit)
 expires (month/day/year): 7/31/2024
using config file: Ansys Licensing set with ANSYSLMD_LICENSE_FILE
license host: 1055@ece-winlic.ece.gatech.edu
current time: Mon Feb 5 19:19:35 2024
Running on host: ece-bh249-01
host available memory (GB): 69.200777
All processes are communicating and ready to proceed to simulation...
Running fsp file: C:\Program Files\Lumerical\v222\bin\fdtd-engine-msmpi.exe -t 4 -remote -shared-solve-license QU5TWVNfTElDRU5TSU5HX0NPTlRFWFRfREFUQT08QU5TWVNfTElDRU5TSU5HX0NPTlRFWFRfREFUQT48SUQ+MjIyZjlhNzctMTU4Ny00NWY3LWE4ZGQtOTRjMTEwNzExMzI1PC9JRD48VFlQRT5BUFBfREVGSU5FRDwvVFlQRT48TkFNRT5sdW1fc3RhbmRhcmRfc29sdmVfc2hhcmU8L05BTUU+PEhBTkRMRVI+NTYyOTVAZWNlLWJoMjQ5LTAxLmFkLmdhdGVjaC5lZHU8L0hBTkRMRVI+PC9BTlNZU19MSUNFTlNJTkdfQ09OVEVYVF9EQVRBPgo= D:/etched_twovertical_ellipsoids_02_5_24_fully_etched.fsp
Starting meshing
Simulation size in gridpoints: 1 x 34 x 82
Refined 0 mesh cells (0%)
Completed meshing!
Meshing complete in 0 seconds of CPU time
Starting meshing
Simulation size in gridpoints: 1 x 34 x 82
Refined 0 mesh cells (0%)
Completed meshing!
Meshing complete in 0 seconds of CPU time
Starting meshing
Simulation size in gridpoints: 1 x 34 x 82
Refined 0 mesh cells (0%)
Completed meshing!
Meshing complete in 0 seconds of CPU time
number of processors is 4
processors are distributed as: 1x1x4
Running 3D Simulation
Starting meshing
Simulation size in gridpoints: 30 x 40 x 25
Refined 0 mesh cells (0%)
Completed meshing!
Meshing complete in 0 seconds of CPU time
0 0
Starting meshing
Simulation size in gridpoints: 30 x 40 x 25
Refined 0 mesh cells (0%)
Completed meshing!
Meshing complete in 0 seconds of CPU time
0 0
Starting meshing
Simulation size in gridpoints: 30 x 40 x 25
Refined 0 mesh cells (0%)
Completed meshing!
Meshing complete in 0.0625 seconds of CPU time
0 0
finished material properties
Meshing Time: 0.0057362 seconds, Init Electrical Material Time: 0.0029922 seconds, Init Magnetic Material Time: 8.06e-05
Using selected optimization level: 2
Selecting 3d kernel for splitFieldDirection=0 and optLevel=2
-----------------------------------------
Beginning initialization of 3D Simulation
Starting to add sources to simulation
Adding 3D Mode source propagating in X
Starting to add boundary conditions to simulation
Adding 3D PML BC
Adding 3D PML BC
Adding 3D Periodic BC
Adding 3D Periodic BC
Adding 3D PML BC
Adding 3D Parallel BC
Starting to add monitors to Simulation
Adding analysis monitor
Adding 3D DFT monitor
Adding 3D DFT monitor
Adding 3D DFT monitor
Adding 3D DFT monitor
Finished initialization of 3D Simulation
-----------------------------------------
All processes are communicating and ready to proceed to simulation...
Starting 11218 total iterations
0.427866% complete. Elapsed simulation time: 2.13933e-15 secs. Max time remaining: 8 secs. Auto Shutoff: 1
2.13933% complete. Elapsed simulation time: 1.06966e-14 secs. Max time remaining: 7 secs. Auto Shutoff: 1
4.42128% complete. Elapsed simulation time: 2.21064e-14 secs. Max time remaining: 7 secs. Auto Shutoff: 1
8.98518% complete. Elapsed simulation time: 4.49259e-14 secs. Max time remaining: 8 secs. Auto Shutoff: 0.00326246
18.113% complete. Elapsed simulation time: 9.0565e-14 secs. Max time remaining: 6 secs. Auto Shutoff: 0.00120687
36.3686% complete. Elapsed simulation time: 1.81843e-13 secs. Max time remaining: 5 secs. Auto Shutoff: 0.000472007
54.2409% complete. Elapsed simulation time: 2.71205e-13 secs. Max time remaining: 3 secs. Auto Shutoff: 9.61435e-05
100% complete. Max time remaining: 0 mins, 0 secs. Auto Shutoff: 9.61435e-05
Early termination of simulation, the autoshutoff criteria are satisfied.
Completed 6085 iterations, or 2.712046e-13s of Simulation Time
Process 0 starting to collect data
    collecting monitor data
    collecting source data
Finished collecting data
Simulation completed successfully at: Mon Feb 5 19:19:39 2024
Overall wall time measurements in seconds: 4.90427
    time to mesh and initialize: 0.154627
    time to run FDTD simulation: 4.06827
    time to checkpoint simulation: 3e-07
    time to finalize data and save to files: 0.0189998
    miscellaneous time: 0.662344
    FDTD solver speed on process 0: 44.8717 Mnodes/s
    total FDTD solver speed on 4 processes: 179.487 Mnodes/s
