Ansys Lumerical 2022 R2.4 FDTD Solver Version 8.28.3216 (Windows 64bit)
 expires (month/day/year): 7/31/2024
using config file: Ansys Licensing set with ANSYSLMD_LICENSE_FILE
license host: 1055@ece-winlic.ece.gatech.edu
current time: Mon Jan 8 04:33:44 2024
Running on host: ece-bh249-01
host available memory (GB): 72.886596
All processes are communicating and ready to proceed to simulation...
Running fsp file: C:\Program Files\Lumerical\v222\bin\fdtd-engine-msmpi.exe -t 4 -remote -shared-solve-license QU5TWVNfTElDRU5TSU5HX0NPTlRFWFRfREFUQT08QU5TWVNfTElDRU5TSU5HX0NPTlRFWFRfREFUQT48SUQ+NDA2NDU2NmQtNTk4Ni00MDIwLTlhZTAtMTAzY2U0YmQzZGMyPC9JRD48VFlQRT5BUFBfREVGSU5FRDwvVFlQRT48TkFNRT5sdW1fc3RhbmRhcmRfc29sdmVfc2hhcmU8L05BTUU+PEhBTkRMRVI+NTYyMThAZWNlLWJoMjQ5LTAxLmFkLmdhdGVjaC5lZHU8L0hBTkRMRVI+PC9BTlNZU19MSUNFTlNJTkdfQ09OVEVYVF9EQVRBPgo= D:/etched_4_rotated_ellipsoid_1_7_24.fsp
Starting meshing
Simulation size in gridpoints: 1 x 22 x 72
Refined 0 mesh cells (0%)
Completed meshing!
Meshing complete in 0 seconds of CPU time
Starting meshing
Simulation size in gridpoints: 1 x 22 x 72
Refined 0 mesh cells (0%)
Completed meshing!
Meshing complete in 0.015625 seconds of CPU time
Starting meshing
Simulation size in gridpoints: 1 x 22 x 72
Refined 0 mesh cells (0%)
Completed meshing!
Meshing complete in 0 seconds of CPU time
number of processors is 4
processors are distributed as: 1x1x4
Running 3D Simulation
Starting meshing
Simulation size in gridpoints: 29 x 22 x 22
Refined 0 mesh cells (0%)
Completed meshing!
Meshing complete in 0 seconds of CPU time
0 0
Starting meshing
Simulation size in gridpoints: 29 x 22 x 22
Refined 0 mesh cells (0%)
Completed meshing!
Meshing complete in 0 seconds of CPU time
0 0
Starting meshing
Simulation size in gridpoints: 29 x 22 x 22
Refined 0 mesh cells (0%)
Completed meshing!
Meshing complete in 0 seconds of CPU time
0 0
finished material properties
Meshing Time: 0.0029262 seconds, Init Electrical Material Time: 0.0022591 seconds, Init Magnetic Material Time: 4.34e-05
Using selected optimization level: 2
Selecting 3d kernel for splitFieldDirection=0 and optLevel=2
-----------------------------------------
Beginning initialization of 3D Simulation
Starting to add sources to simulation
Adding 3D Mode source propagating in X
Starting to add boundary conditions to simulation
Adding 3D PML BC
Adding 3D PML BC
Adding 3D Bloch BC
Adding 3D Bloch BC
Adding 3D PML BC
Adding 3D Parallel BC
Starting to add monitors to Simulation
Adding analysis monitor
Adding 3D DFT monitor
Finished initialization of 3D Simulation
-----------------------------------------
All processes are communicating and ready to proceed to simulation...
Starting 15812 total iterations
0.303563% complete. Elapsed simulation time: 1.51781e-15 secs. Max time remaining: 16 secs. Auto Shutoff: 1
1.51781% complete. Elapsed simulation time: 7.58907e-15 secs. Max time remaining: 13 secs. Auto Shutoff: 1
3.13682% complete. Elapsed simulation time: 1.56841e-14 secs. Max time remaining: 12 secs. Auto Shutoff: 1
6.37482% complete. Elapsed simulation time: 3.18741e-14 secs. Max time remaining: 12 secs. Auto Shutoff: 0.00266406
12.8508% complete. Elapsed simulation time: 6.42541e-14 secs. Max time remaining: 11 secs. Auto Shutoff: 0.00558991
25.8028% complete. Elapsed simulation time: 1.29014e-13 secs. Max time remaining: 9 secs. Auto Shutoff: 0.875896
38.7549% complete. Elapsed simulation time: 1.93774e-13 secs. Max time remaining: 7 secs. Auto Shutoff: 82.7104
51.7069% complete. Elapsed simulation time: 2.58534e-13 secs. Max time remaining: 6 secs. Auto Shutoff: 12594.2
58.3853% complete. Elapsed simulation time: 2.91926e-13 secs. Max time remaining: 5 secs. Auto Shutoff: 121556
ERROR: Early termination of simulation, the electromagnetic fields are diverging.
Please see https://kb.lumerical.com/redirect/fdtd-fix-divergence.html for how to solve this problem.
Completed 9232 iterations, or 2.919263e-13s of Simulation Time
Process 0 starting to collect data
    collecting monitor data
    collecting source data
Finished collecting data
Simulation completed successfully at: Mon Jan 8 04:33:51 2024
Overall wall time measurements in seconds: 7.49387
    time to mesh and initialize: 0.0878566
    time to run FDTD simulation: 6.59584
    time to checkpoint simulation: 4e-07
    time to finalize data and save to files: 0.011553
    miscellaneous time: 0.798596
    FDTD solver speed on process 0: 19.6458 Mnodes/s
    total FDTD solver speed on 4 processes: 78.5831 Mnodes/s
