Ansys Lumerical 2022 R2.4 FDTD Solver Version 8.28.3216 (Windows 64bit)
 expires (month/day/year): 7/31/2024
using config file: Ansys Licensing set with ANSYSLMD_LICENSE_FILE
license host: 1055@ece-winlic.ece.gatech.edu
current time: Mon Jan 8 12:25:37 2024
Running on host: ece-bh249-01
host available memory (GB): 73.094484
All processes are communicating and ready to proceed to simulation...
Running fsp file: C:\Program Files\Lumerical\v222\bin\fdtd-engine-msmpi.exe -t 4 -remote -shared-solve-license QU5TWVNfTElDRU5TSU5HX0NPTlRFWFRfREFUQT08QU5TWVNfTElDRU5TSU5HX0NPTlRFWFRfREFUQT48SUQ+MzQ4MDlkZjAtZDI1Ni00YTgyLThmMTgtMGU5Y2RiNzBmN2FkPC9JRD48VFlQRT5BUFBfREVGSU5FRDwvVFlQRT48TkFNRT5sdW1fc3RhbmRhcmRfc29sdmVfc2hhcmU8L05BTUU+PEhBTkRMRVI+NTYyMThAZWNlLWJoMjQ5LTAxLmFkLmdhdGVjaC5lZHU8L0hBTkRMRVI+PC9BTlNZU19MSUNFTlNJTkdfQ09OVEVYVF9EQVRBPgo= D:/etched_4_rotated_ellipsoid_1_7_24_type3_horizontallyrotated.fsp
Starting meshing
Simulation size in gridpoints: 1 x 24 x 72
Refined 0 mesh cells (0%)
Completed meshing!
Meshing complete in 0 seconds of CPU time
Starting meshing
Simulation size in gridpoints: 1 x 24 x 72
Refined 0 mesh cells (0%)
Completed meshing!
Meshing complete in 0 seconds of CPU time
Starting meshing
Simulation size in gridpoints: 1 x 24 x 72
Refined 0 mesh cells (0%)
Completed meshing!
Meshing complete in 0 seconds of CPU time
number of processors is 4
processors are distributed as: 1x1x4
Running 3D Simulation
Starting meshing
Simulation size in gridpoints: 30 x 24 x 22
Refined 0 mesh cells (0%)
Completed meshing!
Meshing complete in 0 seconds of CPU time
0 0
Starting meshing
Simulation size in gridpoints: 30 x 24 x 22
Refined 0 mesh cells (0%)
Completed meshing!
Meshing complete in 0 seconds of CPU time
0 0
Starting meshing
Simulation size in gridpoints: 30 x 24 x 22
Refined 0 mesh cells (0%)
Completed meshing!
Meshing complete in 0.0625 seconds of CPU time
0 0
finished material properties
Meshing Time: 0.0050645 seconds, Init Electrical Material Time: 0.0033467 seconds, Init Magnetic Material Time: 4.38e-05
Using selected optimization level: 2
Selecting 3d kernel for splitFieldDirection=0 and optLevel=2
-----------------------------------------
Beginning initialization of 3D Simulation
Starting to add sources to simulation
Adding 3D Mode source propagating in X
Starting to add boundary conditions to simulation
Adding 3D PML BC
Adding 3D PML BC
Adding 3D Bloch BC
Adding 3D Bloch BC
Adding 3D PML BC
Adding 3D Parallel BC
Starting to add monitors to Simulation
Adding analysis monitor
Adding 3D DFT monitor
Finished initialization of 3D Simulation
-----------------------------------------
All processes are communicating and ready to proceed to simulation...
Starting 15973 total iterations
0.300503% complete. Elapsed simulation time: 1.50251e-15 secs. Max time remaining: 25 secs. Auto Shutoff: 1
1.50251% complete. Elapsed simulation time: 7.51256e-15 secs. Max time remaining: 16 secs. Auto Shutoff: 1
3.10519% complete. Elapsed simulation time: 1.5526e-14 secs. Max time remaining: 15 secs. Auto Shutoff: 1
6.31055% complete. Elapsed simulation time: 3.15528e-14 secs. Max time remaining: 13 secs. Auto Shutoff: 0.00169039
12.7213% complete. Elapsed simulation time: 6.36064e-14 secs. Max time remaining: 12 secs. Auto Shutoff: 0.000150402
14.8498% complete. Elapsed simulation time: 7.42492e-14 secs. Max time remaining: 12 secs. Auto Shutoff: 9.68305e-05
100% complete. Max time remaining: 0 mins, 0 secs. Auto Shutoff: 9.68305e-05
Early termination of simulation, the autoshutoff criteria are satisfied.
Completed 2372 iterations, or 7.424918e-14s of Simulation Time
Process 0 starting to collect data
    collecting monitor data
    collecting source data
Finished collecting data
Simulation completed successfully at: Mon Jan 8 12:25:40 2024
Overall wall time measurements in seconds: 3.17764
    time to mesh and initialize: 0.146247
    time to run FDTD simulation: 2.11529
    time to checkpoint simulation: 5e-07
    time to finalize data and save to files: 0.0119479
    miscellaneous time: 0.90406
    FDTD solver speed on process 0: 17.7623 Mnodes/s
    total FDTD solver speed on 4 processes: 71.0492 Mnodes/s
