Ansys Lumerical 2022 R2.4 FDTD Solver Version 8.28.3216 (Windows 64bit)
 expires (month/day/year): 7/31/2024
using config file: Ansys Licensing set with ANSYSLMD_LICENSE_FILE
license host: 1055@ece-winlic.ece.gatech.edu
current time: Mon Jan 8 17:41:57 2024
Running on host: ece-bh249-01
host available memory (GB): 73.076552
All processes are communicating and ready to proceed to simulation...
Running fsp file: C:\Program Files\Lumerical\v222\bin\fdtd-engine-msmpi.exe -t 4 -remote -shared-solve-license QU5TWVNfTElDRU5TSU5HX0NPTlRFWFRfREFUQT08QU5TWVNfTElDRU5TSU5HX0NPTlRFWFRfREFUQT48SUQ+OTc4OWU4N2ItMzEwZC00ZGVkLTg4YjMtODI4ZTg1OTg5ZTJjPC9JRD48VFlQRT5BUFBfREVGSU5FRDwvVFlQRT48TkFNRT5sdW1fc3RhbmRhcmRfc29sdmVfc2hhcmU8L05BTUU+PEhBTkRMRVI+NTYyMThAZWNlLWJoMjQ5LTAxLmFkLmdhdGVjaC5lZHU8L0hBTkRMRVI+PC9BTlNZU19MSUNFTlNJTkdfQ09OVEVYVF9EQVRBPgo= D:/etched_twovertical_ellipsoids_01_08_24n.fsp
Starting meshing
Simulation size in gridpoints: 1 x 28 x 90
Refined 0 mesh cells (0%)
Completed meshing!
Meshing complete in 0 seconds of CPU time
Starting meshing
Simulation size in gridpoints: 1 x 28 x 90
Refined 0 mesh cells (0%)
Completed meshing!
Meshing complete in 0 seconds of CPU time
Starting meshing
Simulation size in gridpoints: 1 x 28 x 90
Refined 0 mesh cells (0%)
Completed meshing!
Meshing complete in 0 seconds of CPU time
number of processors is 4
processors are distributed as: 1x1x4
Running 3D Simulation
Starting meshing
Simulation size in gridpoints: 30 x 28 x 27
Refined 0 mesh cells (0%)
Completed meshing!
Meshing complete in 0.109375 seconds of CPU time
0 0
Starting meshing
Simulation size in gridpoints: 30 x 28 x 27
Refined 0 mesh cells (0%)
Completed meshing!
Meshing complete in 0 seconds of CPU time
0 0
Starting meshing
Simulation size in gridpoints: 30 x 28 x 27
Refined 0 mesh cells (0%)
Completed meshing!
Meshing complete in 0 seconds of CPU time
0 0
finished material properties
Meshing Time: 0.0279588 seconds, Init Electrical Material Time: 0.0022632 seconds, Init Magnetic Material Time: 7.52e-05
Using selected optimization level: 2
Selecting 3d kernel for splitFieldDirection=0 and optLevel=2
-----------------------------------------
Beginning initialization of 3D Simulation
Starting to add sources to simulation
Adding 3D Mode source propagating in X
Starting to add boundary conditions to simulation
Adding 3D PML BC
Adding 3D PML BC
Adding 3D Bloch BC
Adding 3D Bloch BC
Adding 3D PML BC
Adding 3D Parallel BC
Starting to add monitors to Simulation
Adding analysis monitor
Adding 3D DFT monitor
Adding 3D DFT monitor
Finished initialization of 3D Simulation
-----------------------------------------
All processes are communicating and ready to proceed to simulation...
Starting 11240 total iterations
0.427028% complete. Elapsed simulation time: 2.13514e-15 secs. Max time remaining: 13 secs. Auto Shutoff: 1
2.13514% complete. Elapsed simulation time: 1.06757e-14 secs. Max time remaining: 13 secs. Auto Shutoff: 1
4.41262% complete. Elapsed simulation time: 2.20631e-14 secs. Max time remaining: 12 secs. Auto Shutoff: 1
8.96758% complete. Elapsed simulation time: 4.48379e-14 secs. Max time remaining: 12 secs. Auto Shutoff: 0.000214266
10.1241% complete. Elapsed simulation time: 5.06206e-14 secs. Max time remaining: 12 secs. Auto Shutoff: 9.74678e-05
100% complete. Max time remaining: 0 mins, 0 secs. Auto Shutoff: 9.74678e-05
Early termination of simulation, the autoshutoff criteria are satisfied.
Completed 1138 iterations, or 5.062059e-14s of Simulation Time
Process 0 starting to collect data
    collecting monitor data
    collecting source data
Finished collecting data
Simulation completed successfully at: Mon Jan 8 17:41:58 2024
Overall wall time measurements in seconds: 2.25991
    time to mesh and initialize: 0.110866
    time to run FDTD simulation: 1.32491
    time to checkpoint simulation: 3e-07
    time to finalize data and save to files: 0.0144037
    miscellaneous time: 0.809694
    FDTD solver speed on process 0: 19.4805 Mnodes/s
    total FDTD solver speed on 4 processes: 77.922 Mnodes/s
