Ansys Lumerical 2022 R2.4 FDTD Solver Version 8.28.3216 (Windows 64bit)
 expires (month/day/year): 7/31/2024
using config file: Ansys Licensing set with ANSYSLMD_LICENSE_FILE
license host: 1055@ece-winlic.ece.gatech.edu
current time: Sat Jan 6 19:01:40 2024
Running on host: ece-bh249-01
host available memory (GB): 76.292149
All processes are communicating and ready to proceed to simulation...
Running fsp file: C:\Program Files\Lumerical\v222\bin\fdtd-engine-msmpi.exe -t 4 -remote -shared-solve-license QU5TWVNfTElDRU5TSU5HX0NPTlRFWFRfREFUQT08QU5TWVNfTElDRU5TSU5HX0NPTlRFWFRfREFUQT48SUQ+YWE3Mjg5YTItMjdkMS00MWYxLTliMDQtNDQ2N2YxOTAzM2UyPC9JRD48VFlQRT5BUFBfREVGSU5FRDwvVFlQRT48TkFNRT5sdW1fc3RhbmRhcmRfc29sdmVfc2hhcmU8L05BTUU+PEhBTkRMRVI+NTYyMThAZWNlLWJoMjQ5LTAxLmFkLmdhdGVjaC5lZHU8L0hBTkRMRVI+PC9BTlNZU19MSUNFTlNJTkdfQ09OVEVYVF9EQVRBPgo= D:/etched_ellipsoid_01_06_24n.fsp
Starting meshing
Simulation size in gridpoints: 1 x 24 x 89
Refined 0 mesh cells (0%)
Completed meshing!
Meshing complete in 0 seconds of CPU time
Starting meshing
Simulation size in gridpoints: 1 x 24 x 89
Refined 0 mesh cells (0%)
Completed meshing!
Meshing complete in 0 seconds of CPU time
Starting meshing
Simulation size in gridpoints: 1 x 24 x 89
Refined 0 mesh cells (0%)
Completed meshing!
Meshing complete in 0 seconds of CPU time
number of processors is 4
processors are distributed as: 1x1x4
Running 3D Simulation
Starting meshing
Simulation size in gridpoints: 30 x 24 x 26
Refined 0 mesh cells (0%)
Completed meshing!
Meshing complete in 0.078125 seconds of CPU time
0 0
Starting meshing
Simulation size in gridpoints: 30 x 24 x 26
Refined 0 mesh cells (0%)
Completed meshing!
Meshing complete in 0.078125 seconds of CPU time
0 0
Starting meshing
Simulation size in gridpoints: 30 x 24 x 26
Refined 0 mesh cells (0%)
Completed meshing!
Meshing complete in 0.078125 seconds of CPU time
0 0
finished material properties
Meshing Time: 0.023077 seconds, Init Electrical Material Time: 0.0019502 seconds, Init Magnetic Material Time: 6.72e-05
Using selected optimization level: 2
Selecting 3d kernel for splitFieldDirection=0 and optLevel=2
-----------------------------------------
Beginning initialization of 3D Simulation
Starting to add sources to simulation
Adding 3D Mode source propagating in X
Starting to add boundary conditions to simulation
Adding 3D PML BC
Adding 3D PML BC
Adding 3D Bloch BC
Adding 3D Bloch BC
Adding 3D PML BC
Adding 3D Parallel BC
Starting to add monitors to Simulation
Adding analysis monitor
Adding 3D DFT monitor
Adding 3D DFT monitor
Finished initialization of 3D Simulation
-----------------------------------------
All processes are communicating and ready to proceed to simulation...
Starting 11294 total iterations
0.424997% complete. Elapsed simulation time: 2.12498e-15 secs. Max time remaining: 12 secs. Auto Shutoff: 1
2.12498% complete. Elapsed simulation time: 1.06249e-14 secs. Max time remaining: 10 secs. Auto Shutoff: 1
4.39163% complete. Elapsed simulation time: 2.19582e-14 secs. Max time remaining: 9 secs. Auto Shutoff: 1
8.92493% complete. Elapsed simulation time: 4.46246e-14 secs. Max time remaining: 9 secs. Auto Shutoff: 0.00248875
17.9915% complete. Elapsed simulation time: 8.99576e-14 secs. Max time remaining: 8 secs. Auto Shutoff: 0.000172115
23.5076% complete. Elapsed simulation time: 1.17538e-13 secs. Max time remaining: 7 secs. Auto Shutoff: 9.28081e-05
100% complete. Max time remaining: 0 mins, 0 secs. Auto Shutoff: 9.28081e-05
Early termination of simulation, the autoshutoff criteria are satisfied.
Completed 2655 iterations, or 1.175381e-13s of Simulation Time
Process 0 starting to collect data
    collecting monitor data
    collecting source data
Finished collecting data
Simulation completed successfully at: Sat Jan 6 19:01:43 2024
Overall wall time measurements in seconds: 3.10308
    time to mesh and initialize: 0.0913371
    time to run FDTD simulation: 2.2958
    time to checkpoint simulation: 4e-07
    time to finalize data and save to files: 0.0115132
    miscellaneous time: 0.704405
    FDTD solver speed on process 0: 21.6489 Mnodes/s
    total FDTD solver speed on 4 processes: 86.5956 Mnodes/s
