Ansys Lumerical 2022 R2.4 FDTD Solver Version 8.28.3216 (Windows 64bit)
 expires (month/day/year): 7/31/2024
using config file: Ansys Licensing set with ANSYSLMD_LICENSE_FILE
license host: 1055@ece-winlic.ece.gatech.edu
current time: Sat Jan 13 03:28:53 2024
Running on host: ece-bh249-01
host available memory (GB): 76.316762
All processes are communicating and ready to proceed to simulation...
Running fsp file: C:\Program Files\Lumerical\v222\bin\fdtd-engine-msmpi.exe -t 4 -remote -shared-solve-license QU5TWVNfTElDRU5TSU5HX0NPTlRFWFRfREFUQT08QU5TWVNfTElDRU5TSU5HX0NPTlRFWFRfREFUQT48SUQ+M2UwZjkzYTEtZGY4NC00OTNkLWE0YzctZjZjNzcwNmYzZTU4PC9JRD48VFlQRT5BUFBfREVGSU5FRDwvVFlQRT48TkFNRT5sdW1fc3RhbmRhcmRfc29sdmVfc2hhcmU8L05BTUU+PEhBTkRMRVI+NTYyMThAZWNlLWJoMjQ5LTAxLmFkLmdhdGVjaC5lZHU8L0hBTkRMRVI+PC9BTlNZU19MSUNFTlNJTkdfQ09OVEVYVF9EQVRBPgo= D:/etched_twovertical_ellipsoids_01_12_24_fully_etched.fsp
Starting meshing
Simulation size in gridpoints: 1 x 28 x 86
Refined 0 mesh cells (0%)
Completed meshing!
Meshing complete in 0 seconds of CPU time
Starting meshing
Simulation size in gridpoints: 1 x 28 x 86
Refined 0 mesh cells (0%)
Completed meshing!
Meshing complete in 0 seconds of CPU time
Starting meshing
Simulation size in gridpoints: 1 x 28 x 86
Refined 0 mesh cells (0%)
Completed meshing!
Meshing complete in 0 seconds of CPU time
number of processors is 4
processors are distributed as: 1x1x4
Running 3D Simulation
Starting meshing
Simulation size in gridpoints: 30 x 28 x 26
Refined 0 mesh cells (0%)
Completed meshing!
Meshing complete in 0.03125 seconds of CPU time
0 0
Starting meshing
Simulation size in gridpoints: 30 x 28 x 26
Refined 0 mesh cells (0%)
Completed meshing!
Meshing complete in 0.03125 seconds of CPU time
0 0
Starting meshing
Simulation size in gridpoints: 30 x 28 x 26
Refined 0 mesh cells (0%)
Completed meshing!
Meshing complete in 0.03125 seconds of CPU time
0 0
finished material properties
Meshing Time: 0.0272853 seconds, Init Electrical Material Time: 0.0033161 seconds, Init Magnetic Material Time: 7.8e-05
Using selected optimization level: 2
Selecting 3d kernel for splitFieldDirection=0 and optLevel=2
-----------------------------------------
Beginning initialization of 3D Simulation
Starting to add sources to simulation
Adding 3D Mode source propagating in X
Starting to add boundary conditions to simulation
Adding 3D PML BC
Adding 3D PML BC
Adding 3D Bloch BC
Adding 3D Bloch BC
Adding 3D PML BC
Adding 3D Parallel BC
Starting to add monitors to Simulation
Adding analysis monitor
Adding 3D DFT monitor
Adding 3D DFT monitor
Finished initialization of 3D Simulation
-----------------------------------------
All processes are communicating and ready to proceed to simulation...
Starting 11330 total iterations
0.42366% complete. Elapsed simulation time: 2.1183e-15 secs. Max time remaining: 11 secs. Auto Shutoff: 1
2.1183% complete. Elapsed simulation time: 1.05915e-14 secs. Max time remaining: 10 secs. Auto Shutoff: 1
4.37782% complete. Elapsed simulation time: 2.18891e-14 secs. Max time remaining: 10 secs. Auto Shutoff: 1
8.89686% complete. Elapsed simulation time: 4.44843e-14 secs. Max time remaining: 10 secs. Auto Shutoff: 0.000277984
11.8625% complete. Elapsed simulation time: 5.93124e-14 secs. Max time remaining: 10 secs. Auto Shutoff: 9.11105e-05
100% complete. Max time remaining: 0 mins, 0 secs. Auto Shutoff: 9.11105e-05
Early termination of simulation, the autoshutoff criteria are satisfied.
Completed 1344 iterations, or 5.931238e-14s of Simulation Time
Process 0 starting to collect data
    collecting monitor data
    collecting source data
Finished collecting data
Simulation completed successfully at: Sat Jan 13 03:28:54 2024
Overall wall time measurements in seconds: 1.93678
    time to mesh and initialize: 0.0964933
    time to run FDTD simulation: 1.28609
    time to checkpoint simulation: 4e-07
    time to finalize data and save to files: 0.0135687
    miscellaneous time: 0.540591
    FDTD solver speed on process 0: 22.8233 Mnodes/s
    total FDTD solver speed on 4 processes: 91.2933 Mnodes/s
