Ansys Lumerical 2022 R2.4 FDTD Solver Version 8.28.3216 (Windows 64bit)
 expires (month/day/year): 7/31/2024
using config file: Ansys Licensing set with ANSYSLMD_LICENSE_FILE
license host: 1055@ece-winlic.ece.gatech.edu
current time: Wed Jan 17 12:37:34 2024
Running on host: ece-bh249-01
host available memory (GB): 69.876044
All processes are communicating and ready to proceed to simulation...
Running fsp file: C:\Program Files\Lumerical\v222\bin\fdtd-engine-msmpi.exe -t 4 -remote -shared-solve-license QU5TWVNfTElDRU5TSU5HX0NPTlRFWFRfREFUQT08QU5TWVNfTElDRU5TSU5HX0NPTlRFWFRfREFUQT48SUQ+MGFkMzc4YjktMzIxMC00OWQwLTk5YzUtODYxMWMzZWVjOGE2PC9JRD48VFlQRT5BUFBfREVGSU5FRDwvVFlQRT48TkFNRT5sdW1fc3RhbmRhcmRfc29sdmVfc2hhcmU8L05BTUU+PEhBTkRMRVI+NTYyMThAZWNlLWJoMjQ5LTAxLmFkLmdhdGVjaC5lZHU8L0hBTkRMRVI+PC9BTlNZU19MSUNFTlNJTkdfQ09OVEVYVF9EQVRBPgo= D:/etched_twovertical_ellipsoids_01_15_24_fully_etched.fsp
Starting meshing
Simulation size in gridpoints: 1 x 39 x 113
Refined 0 mesh cells (0%)
Completed meshing!
Meshing complete in 0 seconds of CPU time
Starting meshing
Simulation size in gridpoints: 1 x 39 x 113
Refined 0 mesh cells (0%)
Completed meshing!
Meshing complete in 0 seconds of CPU time
Starting meshing
Simulation size in gridpoints: 1 x 39 x 113
Refined 0 mesh cells (0%)
Completed meshing!
Meshing complete in 0 seconds of CPU time
number of processors is 4
processors are distributed as: 1x1x4
Running 3D Simulation
Starting meshing
Simulation size in gridpoints: 35 x 39 x 32
Refined 0 mesh cells (0%)
Completed meshing!
Meshing complete in 0.03125 seconds of CPU time
0 0
Starting meshing
Simulation size in gridpoints: 35 x 39 x 32
Refined 0 mesh cells (0%)
Completed meshing!
Meshing complete in 0.03125 seconds of CPU time
0 0
Starting meshing
Simulation size in gridpoints: 35 x 39 x 32
Refined 0 mesh cells (0%)
Completed meshing!
Meshing complete in 0.0625 seconds of CPU time
0 0
finished material properties
Meshing Time: 0.0446548 seconds, Init Electrical Material Time: 0.0036572 seconds, Init Magnetic Material Time: 0.0001507
Using selected optimization level: 2
Selecting 3d kernel for splitFieldDirection=0 and optLevel=2
-----------------------------------------
Beginning initialization of 3D Simulation
Starting to add sources to simulation
Adding 3D Mode source propagating in X
Starting to add boundary conditions to simulation
Adding 3D PML BC
Adding 3D PML BC
Adding 3D Bloch BC
Adding 3D Bloch BC
Adding 3D PML BC
Adding 3D Parallel BC
Starting to add monitors to Simulation
Adding analysis monitor
Adding 3D DFT monitor
Adding 3D DFT monitor
Finished initialization of 3D Simulation
-----------------------------------------
All processes are communicating and ready to proceed to simulation...
Starting 15557 total iterations
0.308545% complete. Elapsed simulation time: 1.54272e-15 secs. Max time remaining: 20 secs. Auto Shutoff: 1
1.54272% complete. Elapsed simulation time: 7.71362e-15 secs. Max time remaining: 18 secs. Auto Shutoff: 1
3.1883% complete. Elapsed simulation time: 1.59415e-14 secs. Max time remaining: 18 secs. Auto Shutoff: 1
6.47944% complete. Elapsed simulation time: 3.23972e-14 secs. Max time remaining: 17 secs. Auto Shutoff: 0.0025162
13.0617% complete. Elapsed simulation time: 6.53087e-14 secs. Max time remaining: 16 secs. Auto Shutoff: 0.000257912
18.3649% complete. Elapsed simulation time: 9.18243e-14 secs. Max time remaining: 15 secs. Auto Shutoff: 9.32053e-05
100% complete. Max time remaining: 0 mins, 0 secs. Auto Shutoff: 9.32053e-05
Early termination of simulation, the autoshutoff criteria are satisfied.
Completed 2857 iterations, or 9.182426e-14s of Simulation Time
Process 0 starting to collect data
    collecting monitor data
    collecting source data
Finished collecting data
Simulation completed successfully at: Wed Jan 17 12:37:38 2024
Overall wall time measurements in seconds: 4.11937
    time to mesh and initialize: 0.132666
    time to run FDTD simulation: 3.37028
    time to checkpoint simulation: 5e-07
    time to finalize data and save to files: 0.0199574
    miscellaneous time: 0.596432
    FDTD solver speed on process 0: 37.0277 Mnodes/s
    total FDTD solver speed on 4 processes: 148.111 Mnodes/s
