Ansys Lumerical 2022 R2.4 FDTD Solver Version 8.28.3216 (Windows 64bit)
 expires (month/day/year): 7/31/2024
using config file: Ansys Licensing set with ANSYSLMD_LICENSE_FILE
license host: 1055@ece-winlic.ece.gatech.edu
current time: Mon Jan 8 01:37:43 2024
Running on host: ece-bh249-01
host available memory (GB): 73.177199
All processes are communicating and ready to proceed to simulation...
Running fsp file: C:\Program Files\Lumerical\v222\bin\fdtd-engine-msmpi.exe -t 4 -remote -shared-solve-license QU5TWVNfTElDRU5TSU5HX0NPTlRFWFRfREFUQT08QU5TWVNfTElDRU5TSU5HX0NPTlRFWFRfREFUQT48SUQ+OTI1YmIwNGEtMmM5Zi00ZmU5LWE2NWMtZDZkNDI0YmE4N2IyPC9JRD48VFlQRT5BUFBfREVGSU5FRDwvVFlQRT48TkFNRT5sdW1fc3RhbmRhcmRfc29sdmVfc2hhcmU8L05BTUU+PEhBTkRMRVI+NTYyMThAZWNlLWJoMjQ5LTAxLmFkLmdhdGVjaC5lZHU8L0hBTkRMRVI+PC9BTlNZU19MSUNFTlNJTkdfQ09OVEVYVF9EQVRBPgo= D:/etched_ellipsoid_01_07_24n.fsp
Starting meshing
Simulation size in gridpoints: 1 x 24 x 81
Refined 0 mesh cells (0%)
Completed meshing!
Meshing complete in 0 seconds of CPU time
Starting meshing
Simulation size in gridpoints: 1 x 24 x 81
Refined 0 mesh cells (0%)
Completed meshing!
Meshing complete in 0 seconds of CPU time
Starting meshing
Simulation size in gridpoints: 1 x 24 x 81
Refined 0 mesh cells (0%)
Completed meshing!
Meshing complete in 0.03125 seconds of CPU time
number of processors is 4
processors are distributed as: 1x1x4
Running 3D Simulation
Starting meshing
Simulation size in gridpoints: 30 x 24 x 24
Refined 0 mesh cells (0%)
Completed meshing!
Meshing complete in 0 seconds of CPU time
0 0
Starting meshing
Simulation size in gridpoints: 30 x 24 x 24
Refined 0 mesh cells (0%)
Completed meshing!
Meshing complete in 0 seconds of CPU time
0 0
Starting meshing
Simulation size in gridpoints: 30 x 24 x 24
Refined 0 mesh cells (0%)
Completed meshing!
Meshing complete in 0 seconds of CPU time
0 0
finished material properties
Meshing Time: 0.0049094 seconds, Init Electrical Material Time: 0.0026071 seconds, Init Magnetic Material Time: 6.17e-05
Using selected optimization level: 2
Selecting 3d kernel for splitFieldDirection=0 and optLevel=2
-----------------------------------------
Beginning initialization of 3D Simulation
Starting to add sources to simulation
Adding 3D Mode source propagating in X
Starting to add boundary conditions to simulation
Adding 3D PML BC
Adding 3D PML BC
Adding 3D Bloch BC
Adding 3D Bloch BC
Adding 3D PML BC
Adding 3D Parallel BC
Starting to add monitors to Simulation
Adding analysis monitor
Adding 3D DFT monitor
Adding 3D DFT monitor
Finished initialization of 3D Simulation
-----------------------------------------
All processes are communicating and ready to proceed to simulation...
Starting 11445 total iterations
0.419379% complete. Elapsed simulation time: 2.09689e-15 secs. Max time remaining: 16 secs. Auto Shutoff: 1
2.09689% complete. Elapsed simulation time: 1.04845e-14 secs. Max time remaining: 13 secs. Auto Shutoff: 1
4.33358% complete. Elapsed simulation time: 2.16679e-14 secs. Max time remaining: 13 secs. Auto Shutoff: 1
8.80696% complete. Elapsed simulation time: 4.40348e-14 secs. Max time remaining: 11 secs. Auto Shutoff: 0.0014843
17.7537% complete. Elapsed simulation time: 8.87685e-14 secs. Max time remaining: 9 secs. Auto Shutoff: 0.000254379
24.1405% complete. Elapsed simulation time: 1.20702e-13 secs. Max time remaining: 9 secs. Auto Shutoff: 9.88324e-05
100% complete. Max time remaining: 0 mins, 0 secs. Auto Shutoff: 9.88324e-05
Early termination of simulation, the autoshutoff criteria are satisfied.
Completed 2763 iterations, or 1.207025e-13s of Simulation Time
Process 0 starting to collect data
    collecting monitor data
    collecting source data
Finished collecting data
Simulation completed successfully at: Mon Jan 8 01:37:46 2024
Overall wall time measurements in seconds: 3.8406
    time to mesh and initialize: 0.1308
    time to run FDTD simulation: 2.70744
    time to checkpoint simulation: 4e-07
    time to finalize data and save to files: 0.0130579
    miscellaneous time: 0.989262
    FDTD solver speed on process 0: 17.6346 Mnodes/s
    total FDTD solver speed on 4 processes: 70.5385 Mnodes/s
