Ansys Lumerical 2022 R2.4 FDTD Solver Version 8.28.3216 (Windows 64bit)
 expires (month/day/year): 7/31/2024
using config file: Ansys Licensing set with ANSYSLMD_LICENSE_FILE
license host: 1055@ece-winlic.ece.gatech.edu
current time: Thu Jan 25 19:28:35 2024
Running on host: ece-bh249-01
host available memory (GB): 115.421262
All processes are communicating and ready to proceed to simulation...
Running fsp file: C:\Program Files\Lumerical\v222\bin\fdtd-engine-msmpi.exe -t 4 -remote -shared-solve-license QU5TWVNfTElDRU5TSU5HX0NPTlRFWFRfREFUQT08QU5TWVNfTElDRU5TSU5HX0NPTlRFWFRfREFUQT48SUQ+MjRiNGNiMjUtYWU1OS00NmIzLTgyZDctZjUyYTNlNTBhZDQyPC9JRD48VFlQRT5BUFBfREVGSU5FRDwvVFlQRT48TkFNRT5sdW1fc3RhbmRhcmRfc29sdmVfc2hhcmU8L05BTUU+PEhBTkRMRVI+NTYyMThAZWNlLWJoMjQ5LTAxLmFkLmdhdGVjaC5lZHU8L0hBTkRMRVI+PC9BTlNZU19MSUNFTlNJTkdfQ09OVEVYVF9EQVRBPgo= D:/leaky_1_25_si3n4_metalens_exactpaper.fsp
Starting meshing
Simulation size in gridpoints: 1 x 19 x 65
Refined 0 mesh cells (0%)
Completed meshing!
Meshing complete in 0 seconds of CPU time
Starting meshing
Simulation size in gridpoints: 1 x 19 x 65
Refined 0 mesh cells (0%)
Completed meshing!
Meshing complete in 0 seconds of CPU time
Starting meshing
Simulation size in gridpoints: 1 x 19 x 65
Refined 0 mesh cells (0%)
Completed meshing!
Meshing complete in 0 seconds of CPU time
number of processors is 4
processors are distributed as: 1x1x4
Running 3D Simulation
Starting meshing
Simulation size in gridpoints: 37 x 19 x 20
Refined 0 mesh cells (0%)
Completed meshing!
Meshing complete in 0 seconds of CPU time
0 0
Starting meshing
Simulation size in gridpoints: 37 x 19 x 20
Refined 0 mesh cells (0%)
Completed meshing!
Meshing complete in 0 seconds of CPU time
0 0
Starting meshing
Simulation size in gridpoints: 37 x 19 x 20
Refined 0 mesh cells (0%)
Completed meshing!
Meshing complete in 0 seconds of CPU time
0 0
finished material properties
Meshing Time: 0.0027539 seconds, Init Electrical Material Time: 0.001601 seconds, Init Magnetic Material Time: 5.09e-05
Using selected optimization level: 2
Selecting 3d kernel for splitFieldDirection=0 and optLevel=2
-----------------------------------------
Beginning initialization of 3D Simulation
Starting to add sources to simulation
Adding 3D Mode source propagating in X
Starting to add boundary conditions to simulation
Adding 3D PML BC
Adding 3D PML BC
Adding 3D Bloch BC
Adding 3D Bloch BC
Adding 3D PML BC
Adding 3D Parallel BC
Starting to add monitors to Simulation
Adding analysis monitor
Adding 3D DFT monitor
Adding 3D DFT monitor
Finished initialization of 3D Simulation
-----------------------------------------
All processes are communicating and ready to proceed to simulation...
Starting 12046 total iterations
0.398465% complete. Elapsed simulation time: 1.99233e-15 secs. Max time remaining: 10 secs. Auto Shutoff: 1
1.99233% complete. Elapsed simulation time: 9.96163e-15 secs. Max time remaining: 10 secs. Auto Shutoff: 1
4.11747% complete. Elapsed simulation time: 2.05874e-14 secs. Max time remaining: 9 secs. Auto Shutoff: 1
8.36777% complete. Elapsed simulation time: 4.18388e-14 secs. Max time remaining: 9 secs. Auto Shutoff: 1
12.4354% complete. Elapsed simulation time: 6.21772e-14 secs. Max time remaining: 9 secs. Auto Shutoff: 9.83602e-09
100% complete. Max time remaining: 0 mins, 0 secs. Auto Shutoff: 9.83602e-09
Early termination of simulation, the autoshutoff criteria are satisfied.
Completed 1498 iterations, or 6.217718e-14s of Simulation Time
Process 0 starting to collect data
    collecting monitor data
    collecting source data
Finished collecting data
Simulation completed successfully at: Thu Jan 25 19:28:37 2024
Overall wall time measurements in seconds: 1.81214
    time to mesh and initialize: 0.0680063
    time to run FDTD simulation: 1.21817
    time to checkpoint simulation: 3e-07
    time to finalize data and save to files: 0.0109455
    miscellaneous time: 0.514994
    FDTD solver speed on process 0: 17.2898 Mnodes/s
    total FDTD solver speed on 4 processes: 69.1593 Mnodes/s
