Ansys Lumerical 2022 R2.4 FDTD Solver Version 8.28.3216 (Windows 64bit)
 expires (month/day/year): 7/31/2024
using config file: Ansys Licensing set with ANSYSLMD_LICENSE_FILE
license host: 1055@ece-winlic.ece.gatech.edu
current time: Fri Jan 26 12:31:36 2024
Running on host: ece-bh249-01
host available memory (GB): 89.455190
All processes are communicating and ready to proceed to simulation...
Running fsp file: C:\Program Files\Lumerical\v222\bin\fdtd-engine-msmpi.exe -t 4 -remote -shared-solve-license QU5TWVNfTElDRU5TSU5HX0NPTlRFWFRfREFUQT08QU5TWVNfTElDRU5TSU5HX0NPTlRFWFRfREFUQT48SUQ+MTgwN2Y4MjgtMTZkZi00ODA3LWFiNDctZTc2MTczY2ZmNDBmPC9JRD48VFlQRT5BUFBfREVGSU5FRDwvVFlQRT48TkFNRT5sdW1fc3RhbmRhcmRfc29sdmVfc2hhcmU8L05BTUU+PEhBTkRMRVI+NTYyMThAZWNlLWJoMjQ5LTAxLmFkLmdhdGVjaC5lZHU8L0hBTkRMRVI+PC9BTlNZU19MSUNFTlNJTkdfQ09OVEVYVF9EQVRBPgo= D:/leaky_1_25_si3n4_metalens_phasetuning.fsp
Starting meshing
Simulation size in gridpoints: 1 x 19 x 63
Refined 0 mesh cells (0%)
Completed meshing!
Meshing complete in 0 seconds of CPU time
Starting meshing
Simulation size in gridpoints: 1 x 19 x 63
Refined 0 mesh cells (0%)
Completed meshing!
Meshing complete in 0 seconds of CPU time
Starting meshing
Simulation size in gridpoints: 1 x 19 x 63
Refined 0 mesh cells (0%)
Completed meshing!
Meshing complete in 0 seconds of CPU time
number of processors is 4
processors are distributed as: 1x1x4
Running 3D Simulation
Starting meshing
Simulation size in gridpoints: 33 x 19 x 20
Refined 0 mesh cells (0%)
Completed meshing!
Meshing complete in 0 seconds of CPU time
0 0
Starting meshing
Simulation size in gridpoints: 33 x 19 x 20
Refined 0 mesh cells (0%)
Completed meshing!
Meshing complete in 0 seconds of CPU time
0 0
Starting meshing
Simulation size in gridpoints: 33 x 19 x 20
Refined 0 mesh cells (0%)
Completed meshing!
Meshing complete in 0 seconds of CPU time
0 0
finished material properties
Meshing Time: 0.004529 seconds, Init Electrical Material Time: 0.0036372 seconds, Init Magnetic Material Time: 4.92e-05
Using selected optimization level: 2
Selecting 3d kernel for splitFieldDirection=0 and optLevel=2
-----------------------------------------
Beginning initialization of 3D Simulation
Starting to add sources to simulation
Adding 3D Mode source propagating in X
Starting to add boundary conditions to simulation
Adding 3D PML BC
Adding 3D PML BC
Adding 3D Periodic BC
Adding 3D Periodic BC
Adding 3D PML BC
Adding 3D Parallel BC
Starting to add monitors to Simulation
Adding analysis monitor
Adding 3D DFT monitor
Adding 3D movie monitor
Adding 3D DFT monitor
Adding 3D movie monitor
Finished initialization of 3D Simulation
-----------------------------------------
All processes are communicating and ready to proceed to simulation...
Starting 11571 total iterations
0.41484% complete. Elapsed simulation time: 2.0742e-15 secs. Max time remaining: 32 secs. Auto Shutoff: 1
2.0742% complete. Elapsed simulation time: 1.0371e-14 secs. Max time remaining: 36 secs. Auto Shutoff: 1
4.28668% complete. Elapsed simulation time: 2.14334e-14 secs. Max time remaining: 38 secs. Auto Shutoff: 1
7.34612% complete. Elapsed simulation time: 3.67306e-14 secs. Max time remaining: 34 secs. Auto Shutoff: 4.47986e-05
100% complete. Max time remaining: 0 mins, 0 secs. Auto Shutoff: 4.47986e-05
Early termination of simulation, the autoshutoff criteria are satisfied.
Completed 850 iterations, or 3.673059e-14s of Simulation Time
Process 0 starting to collect data
    collecting monitor data
    collecting source data
Finished collecting data
Simulation completed successfully at: Fri Jan 26 12:31:39 2024
Overall wall time measurements in seconds: 4.1771
    time to mesh and initialize: 0.156362
    time to run FDTD simulation: 2.73385
    time to checkpoint simulation: 1.6e-06
    time to finalize data and save to files: 0.0432715
    miscellaneous time: 1.24356
    FDTD solver speed on process 0: 3.8989 Mnodes/s
    total FDTD solver speed on 4 processes: 15.5956 Mnodes/s
