Ansys Lumerical 2022 R2.4 FDTD Solver Version 8.28.3216 (Windows 64bit)
 expires (month/day/year): 7/31/2024
using config file: Ansys Licensing set with ANSYSLMD_LICENSE_FILE
license host: 1055@ece-winlic.ece.gatech.edu
current time: Fri Jan 26 04:21:05 2024
Running on host: ece-bh249-01
host available memory (GB): 106.252222
All processes are communicating and ready to proceed to simulation...
Running fsp file: C:\Program Files\Lumerical\v222\bin\fdtd-engine-msmpi.exe -t 4 -remote -shared-solve-license QU5TWVNfTElDRU5TSU5HX0NPTlRFWFRfREFUQT08QU5TWVNfTElDRU5TSU5HX0NPTlRFWFRfREFUQT48SUQ+ODFhYjYwNGYtNmQzZC00YjRiLWFhYTgtYThlZDY5YmIxZDUyPC9JRD48VFlQRT5BUFBfREVGSU5FRDwvVFlQRT48TkFNRT5sdW1fc3RhbmRhcmRfc29sdmVfc2hhcmU8L05BTUU+PEhBTkRMRVI+NTYyMThAZWNlLWJoMjQ5LTAxLmFkLmdhdGVjaC5lZHU8L0hBTkRMRVI+PC9BTlNZU19MSUNFTlNJTkdfQ09OVEVYVF9EQVRBPgo= D:/leaky_1_25_si3n4_metalens_phasetuning2.fsp
Starting meshing
Simulation size in gridpoints: 1 x 19 x 63
Refined 0 mesh cells (0%)
Completed meshing!
Meshing complete in 0 seconds of CPU time
Starting meshing
Simulation size in gridpoints: 1 x 19 x 63
Refined 0 mesh cells (0%)
Completed meshing!
Meshing complete in 0 seconds of CPU time
Starting meshing
Simulation size in gridpoints: 1 x 19 x 63
Refined 0 mesh cells (0%)
Completed meshing!
Meshing complete in 0 seconds of CPU time
number of processors is 4
processors are distributed as: 1x1x4
Running 3D Simulation
Starting meshing
Simulation size in gridpoints: 35 x 19 x 20
Refined 0 mesh cells (0%)
Completed meshing!
Meshing complete in 0 seconds of CPU time
0 0
Starting meshing
Simulation size in gridpoints: 35 x 19 x 20
Refined 0 mesh cells (0%)
Completed meshing!
Meshing complete in 0.078125 seconds of CPU time
0 0
Starting meshing
Simulation size in gridpoints: 35 x 19 x 20
Refined 0 mesh cells (0%)
Completed meshing!
Meshing complete in 0 seconds of CPU time
0 0
finished material properties
Meshing Time: 0.0040402 seconds, Init Electrical Material Time: 0.0031293 seconds, Init Magnetic Material Time: 2.88e-05
Using selected optimization level: 2
Selecting 3d kernel for splitFieldDirection=0 and optLevel=2
-----------------------------------------
Beginning initialization of 3D Simulation
Starting to add sources to simulation
Adding 3D Mode source propagating in X
Starting to add boundary conditions to simulation
Adding 3D PML BC
Adding 3D PML BC
Adding 3D Periodic BC
Adding 3D Periodic BC
Adding 3D PML BC
Adding 3D Parallel BC
Starting to add monitors to Simulation
Adding analysis monitor
Adding 3D DFT monitor
Adding 3D DFT monitor
Finished initialization of 3D Simulation
-----------------------------------------
All processes are communicating and ready to proceed to simulation...
Starting 11664 total iterations
0.411512% complete. Elapsed simulation time: 2.05756e-15 secs. Max time remaining: 4 secs. Auto Shutoff: 1
2.05756% complete. Elapsed simulation time: 1.02878e-14 secs. Max time remaining: 4 secs. Auto Shutoff: 1
4.25229% complete. Elapsed simulation time: 2.12615e-14 secs. Max time remaining: 4 secs. Auto Shutoff: 1
7.33006% complete. Elapsed simulation time: 3.66503e-14 secs. Max time remaining: 3 secs. Auto Shutoff: 6.17326e-05
100% complete. Max time remaining: 0 mins, 0 secs. Auto Shutoff: 6.17326e-05
Early termination of simulation, the autoshutoff criteria are satisfied.
Completed 855 iterations, or 3.665031e-14s of Simulation Time
Process 0 starting to collect data
    collecting monitor data
    collecting source data
Finished collecting data
Simulation completed successfully at: Fri Jan 26 04:21:05 2024
Overall wall time measurements in seconds: 1.0355
    time to mesh and initialize: 0.0720682
    time to run FDTD simulation: 0.264161
    time to checkpoint simulation: 4e-07
    time to finalize data and save to files: 0.0111265
    miscellaneous time: 0.68811
    FDTD solver speed on process 0: 43.0476 Mnodes/s
    total FDTD solver speed on 4 processes: 172.19 Mnodes/s
