Ansys Lumerical 2022 R2.4 FDTD Solver Version 8.28.3216 (Windows 64bit)
 expires (month/day/year): 7/31/2024
using config file: Ansys Licensing set with ANSYSLMD_LICENSE_FILE
license host: 1055@ece-winlic.ece.gatech.edu
current time: Mon Feb 5 11:53:43 2024
Running on host: ece-bh249-01
host available memory (GB): 75.965870
All processes are communicating and ready to proceed to simulation...
Running fsp file: C:\Program Files\Lumerical\v222\bin\fdtd-engine-msmpi.exe -t 4 -remote -shared-solve-license QU5TWVNfTElDRU5TSU5HX0NPTlRFWFRfREFUQT08QU5TWVNfTElDRU5TSU5HX0NPTlRFWFRfREFUQT48SUQ+Yzk1MmYxOGEtMTMyYS00ZDdiLTk1ZWItM2FjZTJlNDllYjlkPC9JRD48VFlQRT5BUFBfREVGSU5FRDwvVFlQRT48TkFNRT5sdW1fc3RhbmRhcmRfc29sdmVfc2hhcmU8L05BTUU+PEhBTkRMRVI+NTYyOTVAZWNlLWJoMjQ5LTAxLmFkLmdhdGVjaC5lZHU8L0hBTkRMRVI+PC9BTlNZU19MSUNFTlNJTkdfQ09OVEVYVF9EQVRBPgo= D:/leaky_2_5_si3n4_metalens_more_ellipses.fsp
Starting meshing
Simulation size in gridpoints: 1 x 12 x 26
Refined 0 mesh cells (0%)
Completed meshing!
Meshing complete in 0 seconds of CPU time
Starting meshing
Simulation size in gridpoints: 1 x 12 x 26
Refined 0 mesh cells (0%)
Completed meshing!
Meshing complete in 0 seconds of CPU time
Starting meshing
Simulation size in gridpoints: 1 x 12 x 26
Refined 0 mesh cells (0%)
Completed meshing!
Meshing complete in 0 seconds of CPU time
number of processors is 4
processors are distributed as: 2x1x2
Running 3D Simulation
Starting meshing
Simulation size in gridpoints: 14 x 12 x 21
Refined 0 mesh cells (0%)
Completed meshing!
Meshing complete in 0 seconds of CPU time
0 0
Starting meshing
Simulation size in gridpoints: 14 x 12 x 21
Refined 0 mesh cells (0%)
Completed meshing!
Meshing complete in 0.09375 seconds of CPU time
0 0
Starting meshing
Simulation size in gridpoints: 14 x 12 x 21
Refined 0 mesh cells (0%)
Completed meshing!
Meshing complete in 0 seconds of CPU time
0 0
finished material properties
Meshing Time: 0.0134267 seconds, Init Electrical Material Time: 0.0040024 seconds, Init Magnetic Material Time: 1.82e-05
Using selected optimization level: 2
Selecting 3d kernel for splitFieldDirection=0 and optLevel=2
-----------------------------------------
Beginning initialization of 3D Simulation
Starting to add sources to simulation
Adding 3D Mode source propagating in X
Starting to add boundary conditions to simulation
Adding 3D PML BC
Adding 3D Parallel BC
Adding 3D Periodic BC
Adding 3D Periodic BC
Adding 3D PML BC
Adding 3D Parallel BC
Starting to add monitors to Simulation
Adding analysis monitor
Adding 3D DFT monitor
Adding 3D DFT monitor
Adding 3D DFT monitor
Adding 3D DFT monitor
Adding 3D DFT monitor
Finished initialization of 3D Simulation
-----------------------------------------
All processes are communicating and ready to proceed to simulation...
Starting 4848 total iterations
0.990117% complete. Elapsed simulation time: 4.95058e-15 secs. Max time remaining: 1 secs. Auto Shutoff: 1
2.31027% complete. Elapsed simulation time: 1.15514e-14 secs. Max time remaining: 1 secs. Auto Shutoff: 1
4.95058% complete. Elapsed simulation time: 2.47529e-14 secs. Max time remaining: 1 secs. Auto Shutoff: 1
10.2312% complete. Elapsed simulation time: 5.1156e-14 secs. Max time remaining: 1 secs. Auto Shutoff: 1
13.6554% complete. Elapsed simulation time: 6.82768e-14 secs. Max time remaining: 1 secs. Auto Shutoff: 1.29134e-05
100% complete. Max time remaining: 0 mins, 0 secs. Auto Shutoff: 1.29134e-05
Early termination of simulation, the autoshutoff criteria are satisfied.
Completed 662 iterations, or 6.827680e-14s of Simulation Time
Process 0 starting to collect data
    collecting monitor data
    collecting source data
Finished collecting data
Simulation completed successfully at: Mon Feb 5 11:53:44 2024
Overall wall time measurements in seconds: 1.01025
    time to mesh and initialize: 0.0428453
    time to run FDTD simulation: 0.186787
    time to checkpoint simulation: 3e-07
    time to finalize data and save to files: 0.0095515
    miscellaneous time: 0.771029
    FDTD solver speed on process 0: 12.5038 Mnodes/s
    total FDTD solver speed on 4 processes: 50.0151 Mnodes/s
