Ansys Lumerical 2022 R2.4 FDTD Solver Version 8.28.3216 (Windows 64bit)
 expires (month/day/year): 7/31/2024
using config file: Ansys Licensing set with ANSYSLMD_LICENSE_FILE
license host: 1055@ece-winlic.ece.gatech.edu
current time: Wed Jan 31 16:39:37 2024
Running on host: ece-bh249-01
host available memory (GB): 117.071671
All processes are communicating and ready to proceed to simulation...
Running fsp file: C:\Program Files\Lumerical\v222\bin\fdtd-engine-msmpi.exe -t 4 -remote -shared-solve-license QU5TWVNfTElDRU5TSU5HX0NPTlRFWFRfREFUQT08QU5TWVNfTElDRU5TSU5HX0NPTlRFWFRfREFUQT48SUQ+ZGUyNjQ2NTYtYzY5MS00MDRhLWI4MmItODIzNzZjOTdiODE1PC9JRD48VFlQRT5BUFBfREVGSU5FRDwvVFlQRT48TkFNRT5sdW1fc3RhbmRhcmRfc29sdmVfc2hhcmU8L05BTUU+PEhBTkRMRVI+NTYyOTVAZWNlLWJoMjQ5LTAxLmFkLmdhdGVjaC5lZHU8L0hBTkRMRVI+PC9BTlNZU19MSUNFTlNJTkdfQ09OVEVYVF9EQVRBPgo= D:/leaky_1_31_si3n4_metalens_more_ellipses_DSPLACED.fsp
Starting meshing
Simulation size in gridpoints: 1 x 11 x 31
Refined 0 mesh cells (0%)
Completed meshing!
Meshing complete in 0 seconds of CPU time
Starting meshing
Simulation size in gridpoints: 1 x 11 x 31
Refined 0 mesh cells (0%)
Completed meshing!
Meshing complete in 0 seconds of CPU time
Starting meshing
Simulation size in gridpoints: 1 x 11 x 31
Refined 0 mesh cells (0%)
Completed meshing!
Meshing complete in 0 seconds of CPU time
number of processors is 4
processors are distributed as: 2x1x2
Running 3D Simulation
Starting meshing
Simulation size in gridpoints: 14 x 11 x 23
Refined 0 mesh cells (0%)
Completed meshing!
Meshing complete in 0 seconds of CPU time
0 0
Starting meshing
Simulation size in gridpoints: 14 x 11 x 23
Refined 0 mesh cells (0%)
Completed meshing!
Meshing complete in 0.09375 seconds of CPU time
0 0
Starting meshing
Simulation size in gridpoints: 14 x 11 x 23
Refined 0 mesh cells (0%)
Completed meshing!
Meshing complete in 0 seconds of CPU time
0 0
finished material properties
Meshing Time: 0.0108112 seconds, Init Electrical Material Time: 0.0041186 seconds, Init Magnetic Material Time: 1.88e-05
Using selected optimization level: 2
Selecting 3d kernel for splitFieldDirection=0 and optLevel=2
-----------------------------------------
Beginning initialization of 3D Simulation
Starting to add sources to simulation
Adding 3D Mode source propagating in X
Starting to add boundary conditions to simulation
Adding 3D PML BC
Adding 3D Parallel BC
Adding 3D Bloch BC
Adding 3D Bloch BC
Adding 3D PML BC
Adding 3D Parallel BC
Starting to add monitors to Simulation
Adding analysis monitor
Adding 3D DFT monitor
Adding 3D DFT monitor
Adding 3D movie monitor
Adding 3D DFT monitor
Adding 3D DFT monitor
Adding 3D DFT monitor
Adding 3D DFT monitor
Adding 3D DFT monitor
Adding 3D DFT monitor
Finished initialization of 3D Simulation
-----------------------------------------
All processes are communicating and ready to proceed to simulation...
Starting 5001 total iterations
0.959853% complete. Elapsed simulation time: 4.79926e-15 secs. Max time remaining: 4 secs. Auto Shutoff: 1
2.23966% complete. Elapsed simulation time: 1.11983e-14 secs. Max time remaining: 4 secs. Auto Shutoff: 1
4.79926% complete. Elapsed simulation time: 2.39963e-14 secs. Max time remaining: 4 secs. Auto Shutoff: 1
9.91848% complete. Elapsed simulation time: 4.95924e-14 secs. Max time remaining: 4 secs. Auto Shutoff: 1
13.5979% complete. Elapsed simulation time: 6.79896e-14 secs. Max time remaining: 4 secs. Auto Shutoff: 6.85085e-05
100% complete. Max time remaining: 0 mins, 0 secs. Auto Shutoff: 6.85085e-05
Early termination of simulation, the autoshutoff criteria are satisfied.
Completed 680 iterations, or 6.798959e-14s of Simulation Time
Process 0 starting to collect data
    collecting monitor data
    collecting source data
Finished collecting data
Simulation completed successfully at: Wed Jan 31 16:39:38 2024
Overall wall time measurements in seconds: 1.49439
    time to mesh and initialize: 0.037639
    time to run FDTD simulation: 0.588452
    time to checkpoint simulation: 5e-07
    time to finalize data and save to files: 0.0096955
    miscellaneous time: 0.858572
    FDTD solver speed on process 0: 4.09304 Mnodes/s
    total FDTD solver speed on 4 processes: 16.3722 Mnodes/s
