Ansys Lumerical 2022 R2.4 FDTD Solver Version 8.28.3216 (Windows 64bit)
 expires (month/day/year): 7/31/2024
using config file: Ansys Licensing set with ANSYSLMD_LICENSE_FILE
license host: 1055@ece-winlic.ece.gatech.edu
current time: Mon Feb 5 06:34:55 2024
Running on host: ece-bh249-01
host available memory (GB): 76.770497
All processes are communicating and ready to proceed to simulation...
Running fsp file: C:\Program Files\Lumerical\v222\bin\fdtd-engine-msmpi.exe -t 4 -remote -shared-solve-license QU5TWVNfTElDRU5TSU5HX0NPTlRFWFRfREFUQT08QU5TWVNfTElDRU5TSU5HX0NPTlRFWFRfREFUQT48SUQ+NzMxOWU3OTYtMTI4NS00NjU5LTgxMzUtOGE5ZjhjZjcyOTM2PC9JRD48VFlQRT5BUFBfREVGSU5FRDwvVFlQRT48TkFNRT5sdW1fc3RhbmRhcmRfc29sdmVfc2hhcmU8L05BTUU+PEhBTkRMRVI+NTYyOTVAZWNlLWJoMjQ5LTAxLmFkLmdhdGVjaC5lZHU8L0hBTkRMRVI+PC9BTlNZU19MSUNFTlNJTkdfQ09OVEVYVF9EQVRBPgo= D:/leaky_1_25_si3n4_metalens_STAR_2_3_24.fsp
Starting meshing
Simulation size in gridpoints: 1 x 18 x 62
Refined 18 mesh cells (1.6129%)
Completed meshing!
Meshing complete in 0 seconds of CPU time
Starting meshing
Simulation size in gridpoints: 1 x 18 x 62
Refined 18 mesh cells (1.6129%)
Completed meshing!
Meshing complete in 0 seconds of CPU time
Starting meshing
Simulation size in gridpoints: 1 x 18 x 62
Refined 18 mesh cells (1.6129%)
Completed meshing!
Meshing complete in 0 seconds of CPU time
number of processors is 4
processors are distributed as: 1x1x4
Running 3D Simulation
Starting meshing
Simulation size in gridpoints: 36 x 18 x 20
Refined 0 mesh cells (0%)
Completed meshing!
Meshing complete in 0 seconds of CPU time
0 0
Starting meshing
Simulation size in gridpoints: 36 x 18 x 20
Refined 0 mesh cells (0%)
Completed meshing!
Meshing complete in 0 seconds of CPU time
0 0
Starting meshing
Simulation size in gridpoints: 36 x 18 x 20
Refined 0 mesh cells (0%)
Completed meshing!
Meshing complete in 0 seconds of CPU time
0 0
finished material properties
Meshing Time: 0.0011185 seconds, Init Electrical Material Time: 0.0015243 seconds, Init Magnetic Material Time: 4.66e-05
Using selected optimization level: 2
Selecting 3d kernel for splitFieldDirection=0 and optLevel=2
-----------------------------------------
Beginning initialization of 3D Simulation
Starting to add sources to simulation
Adding 3D Mode source propagating in X
Starting to add boundary conditions to simulation
Adding 3D PML BC
Adding 3D PML BC
Adding 3D Periodic BC
Adding 3D Periodic BC
Adding 3D PML BC
Adding 3D Parallel BC
Starting to add monitors to Simulation
Adding analysis monitor
Adding 3D DFT monitor
Adding 3D DFT monitor
Finished initialization of 3D Simulation
-----------------------------------------
All processes are communicating and ready to proceed to simulation...
Starting 11518 total iterations
0.41674% complete. Elapsed simulation time: 2.0837e-15 secs. Max time remaining: 4 secs. Auto Shutoff: 1
2.0837% complete. Elapsed simulation time: 1.04185e-14 secs. Max time remaining: 4 secs. Auto Shutoff: 1
4.30631% complete. Elapsed simulation time: 2.15316e-14 secs. Max time remaining: 4 secs. Auto Shutoff: 1
8.75154% complete. Elapsed simulation time: 4.37577e-14 secs. Max time remaining: 3 secs. Auto Shutoff: 0.00010549
100% complete. Max time remaining: 0 mins, 0 secs. Auto Shutoff: 6.28704e-05
Early termination of simulation, the autoshutoff criteria are satisfied.
Completed 1050 iterations, or 4.558094e-14s of Simulation Time
Process 0 starting to collect data
    collecting monitor data
    collecting source data
Finished collecting data
Simulation completed successfully at: Mon Feb 5 06:34:56 2024
Overall wall time measurements in seconds: 1.20312
    time to mesh and initialize: 0.0335552
    time to run FDTD simulation: 0.309347
    time to checkpoint simulation: 3e-07
    time to finalize data and save to files: 0.0104283
    miscellaneous time: 0.849746
    FDTD solver speed on process 0: 43.9895 Mnodes/s
    total FDTD solver speed on 4 processes: 175.958 Mnodes/s
