Ansys Lumerical 2022 R2.4 FDTD Solver Version 8.28.3216 (Windows 64bit)
 expires (month/day/year): 7/31/2024
using config file: Ansys Licensing set with ANSYSLMD_LICENSE_FILE
license host: 1055@ece-winlic.ece.gatech.edu
current time: Wed Jan 31 12:59:52 2024
Running on host: ece-bh249-01
host available memory (GB): 123.536388
All processes are communicating and ready to proceed to simulation...
Running fsp file: C:\Program Files\Lumerical\v222\bin\fdtd-engine-msmpi.exe -t 4 -remote -shared-solve-license QU5TWVNfTElDRU5TSU5HX0NPTlRFWFRfREFUQT08QU5TWVNfTElDRU5TSU5HX0NPTlRFWFRfREFUQT48SUQ+OGFiZmQwYTktYWQyNy00MzNmLWJiYmYtMjc3ZDlhNTY2ZWY3PC9JRD48VFlQRT5BUFBfREVGSU5FRDwvVFlQRT48TkFNRT5sdW1fc3RhbmRhcmRfc29sdmVfc2hhcmU8L05BTUU+PEhBTkRMRVI+NTYyOTVAZWNlLWJoMjQ5LTAxLmFkLmdhdGVjaC5lZHU8L0hBTkRMRVI+PC9BTlNZU19MSUNFTlNJTkdfQ09OVEVYVF9EQVRBPgo= D:/leaky_1_25_si3n4_metalens_more_ellipses_1_29_24.fsp
Starting meshing
Simulation size in gridpoints: 1 x 9 x 31
Refined 0 mesh cells (0%)
Completed meshing!
Meshing complete in 0 seconds of CPU time
Starting meshing
Simulation size in gridpoints: 1 x 9 x 31
Refined 0 mesh cells (0%)
Completed meshing!
Meshing complete in 0 seconds of CPU time
Starting meshing
Simulation size in gridpoints: 1 x 9 x 31
Refined 0 mesh cells (0%)
Completed meshing!
Meshing complete in 0 seconds of CPU time
number of processors is 4
processors are distributed as: 2x1x2
Running 3D Simulation
Starting meshing
Simulation size in gridpoints: 14 x 9 x 23
Refined 0 mesh cells (0%)
Completed meshing!
Meshing complete in 0 seconds of CPU time
0 0
Starting meshing
Simulation size in gridpoints: 14 x 9 x 23
Refined 0 mesh cells (0%)
Completed meshing!
Meshing complete in 0 seconds of CPU time
0 0
Starting meshing
Simulation size in gridpoints: 14 x 9 x 23
Refined 0 mesh cells (0%)
Completed meshing!
Meshing complete in 0 seconds of CPU time
0 0
finished material properties
Meshing Time: 0.0137259 seconds, Init Electrical Material Time: 0.002788 seconds, Init Magnetic Material Time: 1.96e-05
Using selected optimization level: 2
Selecting 3d kernel for splitFieldDirection=0 and optLevel=2
-----------------------------------------
Beginning initialization of 3D Simulation
Starting to add sources to simulation
Adding 3D Mode source propagating in X
Starting to add boundary conditions to simulation
Adding 3D PML BC
Adding 3D Parallel BC
Adding 3D Periodic BC
Adding 3D Periodic BC
Adding 3D PML BC
Adding 3D Parallel BC
Starting to add monitors to Simulation
Adding analysis monitor
Adding 3D DFT monitor
Monitor ::model::side is outside the simulation and will not record any data
Adding 3D DFT monitor
Monitor ::model::side_1 is outside the simulation and will not record any data
Finished initialization of 3D Simulation
-----------------------------------------
All processes are communicating and ready to proceed to simulation...
Starting 5097 total iterations
0.941688% complete. Elapsed simulation time: 4.70844e-15 secs. Max time remaining: 1 secs. Auto Shutoff: 1
2.19727% complete. Elapsed simulation time: 1.09864e-14 secs. Max time remaining: 1 secs. Auto Shutoff: 1
4.70844% complete. Elapsed simulation time: 2.35422e-14 secs. Max time remaining: 1 secs. Auto Shutoff: 1
9.73078% complete. Elapsed simulation time: 4.86539e-14 secs. Max time remaining: 1 secs. Auto Shutoff: 1
13.5564% complete. Elapsed simulation time: 6.77819e-14 secs. Max time remaining: 1 secs. Auto Shutoff: 0
100% complete. Max time remaining: 0 mins, 0 secs. Auto Shutoff: 0
Early termination of simulation, the autoshutoff criteria are satisfied.
Completed 691 iterations, or 6.778193e-14s of Simulation Time
Process 0 starting to collect data
    collecting monitor data
Monitor ::model::side is outside the simulation and will not record any data
Monitor ::model::side_1 is outside the simulation and will not record any data
    collecting source data
Finished collecting data
Simulation completed successfully at: Wed Jan 31 12:59:53 2024
Overall wall time measurements in seconds: 0.926886
    time to mesh and initialize: 0.0329833
    time to run FDTD simulation: 0.18538
    time to checkpoint simulation: 3e-07
    time to finalize data and save to files: 0.0079957
    miscellaneous time: 0.7005
    FDTD solver speed on process 0: 10.8022 Mnodes/s
    total FDTD solver speed on 4 processes: 43.2089 Mnodes/s
