Ansys Lumerical 2022 R2.4 FDTD Solver Version 8.28.3216 (Windows 64bit)
 expires (month/day/year): 7/31/2024
using config file: Ansys Licensing set with ANSYSLMD_LICENSE_FILE
license host: 1055@ece-winlic.ece.gatech.edu
current time: Tue Feb 6 10:04:13 2024
Running on host: ece-bh249-01
host available memory (GB): 57.594991
All processes are communicating and ready to proceed to simulation...
Running fsp file: C:\Program Files\Lumerical\v222\bin\fdtd-engine-msmpi.exe -t 4 -remote -shared-solve-license QU5TWVNfTElDRU5TSU5HX0NPTlRFWFRfREFUQT08QU5TWVNfTElDRU5TSU5HX0NPTlRFWFRfREFUQT48SUQ+ZTAwNDBkZDgtMjM0YS00YWMyLThlZTYtNDljYTJmMmY3ZjFiPC9JRD48VFlQRT5BUFBfREVGSU5FRDwvVFlQRT48TkFNRT5sdW1fc3RhbmRhcmRfc29sdmVfc2hhcmU8L05BTUU+PEhBTkRMRVI+NTYyOTVAZWNlLWJoMjQ5LTAxLmFkLmdhdGVjaC5lZHU8L0hBTkRMRVI+PC9BTlNZU19MSUNFTlNJTkdfQ09OVEVYVF9EQVRBPgo= D:/leaky_1_30_si3n4_metalens_more_ellipses_revised_2_5_24.fsp
Starting meshing
Simulation size in gridpoints: 1 x 14 x 31
Refined 0 mesh cells (0%)
Completed meshing!
Meshing complete in 0 seconds of CPU time
Starting meshing
Simulation size in gridpoints: 1 x 14 x 31
Refined 0 mesh cells (0%)
Completed meshing!
Meshing complete in 0.0625 seconds of CPU time
Starting meshing
Simulation size in gridpoints: 1 x 14 x 31
Refined 0 mesh cells (0%)
Completed meshing!
Meshing complete in 0 seconds of CPU time
number of processors is 4
processors are distributed as: 1x2x2
Running 3D Simulation
Starting meshing
Simulation size in gridpoints: 27 x 15 x 23
Refined 0 mesh cells (0%)
Completed meshing!
Meshing complete in 0.03125 seconds of CPU time
0 0
Starting meshing
Simulation size in gridpoints: 27 x 15 x 23
Refined 0 mesh cells (0%)
Completed meshing!
Meshing complete in 0.046875 seconds of CPU time
0 0
Starting meshing
Simulation size in gridpoints: 27 x 15 x 23
Refined 0 mesh cells (0%)
Completed meshing!
Meshing complete in 0.015625 seconds of CPU time
0 0
finished material properties
Meshing Time: 0.0325894 seconds, Init Electrical Material Time: 0.0054545 seconds, Init Magnetic Material Time: 6.53e-05
Using selected optimization level: 2
Selecting 3d kernel for splitFieldDirection=0 and optLevel=2
-----------------------------------------
Beginning initialization of 3D Simulation
Starting to add sources to simulation
Adding 3D Mode source propagating in X
Starting to add boundary conditions to simulation
Adding 3D PML BC
Adding 3D PML BC
Adding 3D PML BC
Adding 3D Parallel BC
Adding 3D PML BC
Adding 3D Parallel BC
Starting to add monitors to Simulation
Adding analysis monitor
Adding 3D DFT monitor
Adding 3D DFT monitor
Adding 3D DFT monitor
Finished initialization of 3D Simulation
-----------------------------------------
All processes are communicating and ready to proceed to simulation...
Starting 4955 total iterations
0.968647% complete. Elapsed simulation time: 4.84324e-15 secs. Max time remaining: 2 secs. Auto Shutoff: 1
2.26018% complete. Elapsed simulation time: 1.13009e-14 secs. Max time remaining: 2 secs. Auto Shutoff: 1
4.84324% complete. Elapsed simulation time: 2.42162e-14 secs. Max time remaining: 2 secs. Auto Shutoff: 1
10.0094% complete. Elapsed simulation time: 5.00468e-14 secs. Max time remaining: 2 secs. Auto Shutoff: 1
13.6216% complete. Elapsed simulation time: 6.8108e-14 secs. Max time remaining: 1 secs. Auto Shutoff: 1.04744e-11
100% complete. Max time remaining: 0 mins, 0 secs. Auto Shutoff: 1.04744e-11
Early termination of simulation, the autoshutoff criteria are satisfied.
Completed 675 iterations, or 6.810800e-14s of Simulation Time
Process 0 starting to collect data
    collecting monitor data
    collecting source data
Finished collecting data
Simulation completed successfully at: Tue Feb 6 10:04:13 2024
Overall wall time measurements in seconds: 1.23634
    time to mesh and initialize: 0.080753
    time to run FDTD simulation: 0.229468
    time to checkpoint simulation: 7e-07
    time to finalize data and save to files: 0.0148413
    miscellaneous time: 0.911165
    FDTD solver speed on process 0: 27.4009 Mnodes/s
    total FDTD solver speed on 4 processes: 109.604 Mnodes/s
