Ansys Lumerical 2022 R2.4 FDTD Solver Version 8.28.3216 (Windows 64bit)
 expires (month/day/year): 7/31/2024
using config file: Ansys Licensing set with ANSYSLMD_LICENSE_FILE
license host: 1055@ece-winlic.ece.gatech.edu
current time: Wed Jan 24 21:16:04 2024
Running on host: ece-bh249-01
host available memory (GB): 120.982991
All processes are communicating and ready to proceed to simulation...
Running fsp file: C:\Program Files\Lumerical\v222\bin\fdtd-engine-msmpi.exe -t 4 -remote -shared-solve-license QU5TWVNfTElDRU5TSU5HX0NPTlRFWFRfREFUQT08QU5TWVNfTElDRU5TSU5HX0NPTlRFWFRfREFUQT48SUQ+ZWU1MTQzOWYtYTE5YS00MWU2LWEyNTItYTYyZjhlYmNmZjUzPC9JRD48VFlQRT5BUFBfREVGSU5FRDwvVFlQRT48TkFNRT5sdW1fc3RhbmRhcmRfc29sdmVfc2hhcmU8L05BTUU+PEhBTkRMRVI+NTYyMThAZWNlLWJoMjQ5LTAxLmFkLmdhdGVjaC5lZHU8L0hBTkRMRVI+PC9BTlNZU19MSUNFTlNJTkdfQ09OVEVYVF9EQVRBPgo= D:/leaky_1_24_si3n4_metalens.fsp
Starting meshing
Simulation size in gridpoints: 1 x 18 x 63
Refined 0 mesh cells (0%)
Completed meshing!
Meshing complete in 0 seconds of CPU time
Starting meshing
Simulation size in gridpoints: 1 x 18 x 63
Refined 0 mesh cells (0%)
Completed meshing!
Meshing complete in 0 seconds of CPU time
Starting meshing
Simulation size in gridpoints: 1 x 18 x 63
Refined 0 mesh cells (0%)
Completed meshing!
Meshing complete in 0 seconds of CPU time
number of processors is 4
processors are distributed as: 1x1x4
Running 3D Simulation
Starting meshing
Simulation size in gridpoints: 32 x 18 x 20
Refined 0 mesh cells (0%)
Completed meshing!
Meshing complete in 0 seconds of CPU time
0 0
Starting meshing
Simulation size in gridpoints: 32 x 18 x 20
Refined 0 mesh cells (0%)
Completed meshing!
Meshing complete in 0 seconds of CPU time
0 0
Starting meshing
Simulation size in gridpoints: 32 x 18 x 20
Refined 0 mesh cells (0%)
Completed meshing!
Meshing complete in 0 seconds of CPU time
0 0
finished material properties
Meshing Time: 0.0027819 seconds, Init Electrical Material Time: 0.0019059 seconds, Init Magnetic Material Time: 4.33e-05
Using selected optimization level: 2
Selecting 3d kernel for splitFieldDirection=0 and optLevel=2
-----------------------------------------
Beginning initialization of 3D Simulation
Starting to add sources to simulation
Adding 3D Mode source propagating in X
Starting to add boundary conditions to simulation
Adding 3D PML BC
Adding 3D PML BC
Adding 3D Bloch BC
Adding 3D Bloch BC
Adding 3D PML BC
Adding 3D Parallel BC
Starting to add monitors to Simulation
Adding analysis monitor
Adding 3D DFT monitor
Adding 3D DFT monitor
Finished initialization of 3D Simulation
-----------------------------------------
All processes are communicating and ready to proceed to simulation...
Starting 11569 total iterations
0.4149% complete. Elapsed simulation time: 2.0745e-15 secs. Max time remaining: 9 secs. Auto Shutoff: 1
2.0745% complete. Elapsed simulation time: 1.03725e-14 secs. Max time remaining: 9 secs. Auto Shutoff: 1
4.2873% complete. Elapsed simulation time: 2.14365e-14 secs. Max time remaining: 8 secs. Auto Shutoff: 1
6.47417% complete. Elapsed simulation time: 3.23708e-14 secs. Max time remaining: 8 secs. Auto Shutoff: 5.3627e-05
100% complete. Max time remaining: 0 mins, 0 secs. Auto Shutoff: 5.3627e-05
Early termination of simulation, the autoshutoff criteria are satisfied.
Completed 749 iterations, or 3.237083e-14s of Simulation Time
Process 0 starting to collect data
    collecting monitor data
    collecting source data
Finished collecting data
Simulation completed successfully at: Wed Jan 24 21:16:05 2024
Overall wall time measurements in seconds: 1.23785
    time to mesh and initialize: 0.0638346
    time to run FDTD simulation: 0.573523
    time to checkpoint simulation: 4e-07
    time to finalize data and save to files: 0.0110384
    miscellaneous time: 0.589423
    FDTD solver speed on process 0: 15.0447 Mnodes/s
    total FDTD solver speed on 4 processes: 60.1788 Mnodes/s
