Ansys Lumerical 2022 R2.4 FDTD Solver Version 8.28.3216 (Windows 64bit)
 expires (month/day/year): 7/31/2024
using config file: Ansys Licensing set with ANSYSLMD_LICENSE_FILE
license host: 1055@ece-winlic.ece.gatech.edu
current time: Mon Jan 29 05:03:35 2024
Running on host: ece-bh249-01
host available memory (GB): 98.723557
All processes are communicating and ready to proceed to simulation...
Running fsp file: C:\Program Files\Lumerical\v222\bin\fdtd-engine-msmpi.exe -t 4 -remote -shared-solve-license QU5TWVNfTElDRU5TSU5HX0NPTlRFWFRfREFUQT08QU5TWVNfTElDRU5TSU5HX0NPTlRFWFRfREFUQT48SUQ+NThkZmFlZjQtOTllZS00YjNjLTg4ZTctYzc2OWQyYmQxYjFkPC9JRD48VFlQRT5BUFBfREVGSU5FRDwvVFlQRT48TkFNRT5sdW1fc3RhbmRhcmRfc29sdmVfc2hhcmU8L05BTUU+PEhBTkRMRVI+NTYzMjdAZWNlLWJoMjQ5LTAxLmFkLmdhdGVjaC5lZHU8L0hBTkRMRVI+PC9BTlNZU19MSUNFTlNJTkdfQ09OVEVYVF9EQVRBPgo= D:/leaky_1_26_si3n4_metalens_more_ellipses.fsp
Starting meshing
Simulation size in gridpoints: 1 x 19 x 65
Refined 0 mesh cells (0%)
Completed meshing!
Meshing complete in 0 seconds of CPU time
Starting meshing
Simulation size in gridpoints: 1 x 19 x 65
Refined 0 mesh cells (0%)
Completed meshing!
Meshing complete in 0 seconds of CPU time
Starting meshing
Simulation size in gridpoints: 1 x 19 x 65
Refined 0 mesh cells (0%)
Completed meshing!
Meshing complete in 0 seconds of CPU time
number of processors is 4
processors are distributed as: 2x1x2
Running 3D Simulation
Starting meshing
Simulation size in gridpoints: 20 x 33 x 40
Refined 0 mesh cells (0%)
Completed meshing!
Meshing complete in 0.03125 seconds of CPU time
0 0
Starting meshing
Simulation size in gridpoints: 20 x 33 x 40
Refined 0 mesh cells (0%)
Completed meshing!
Meshing complete in 0.03125 seconds of CPU time
0 0
Starting meshing
Simulation size in gridpoints: 20 x 33 x 40
Refined 0 mesh cells (0%)
Completed meshing!
Meshing complete in 0.0625 seconds of CPU time
0 0
finished material properties
Meshing Time: 0.0434436 seconds, Init Electrical Material Time: 0.0047246 seconds, Init Magnetic Material Time: 6.72e-05
Using selected optimization level: 2
Selecting 3d kernel for splitFieldDirection=0 and optLevel=2
-----------------------------------------
Beginning initialization of 3D Simulation
Starting to add sources to simulation
Adding 3D Mode source propagating in X
Starting to add boundary conditions to simulation
Adding 3D PML BC
Adding 3D Parallel BC
Adding 3D PML BC
Adding 3D PML BC
Adding 3D PML BC
Adding 3D Parallel BC
Starting to add monitors to Simulation
Adding analysis monitor
Adding 3D DFT monitor
Adding 3D DFT monitor
Finished initialization of 3D Simulation
-----------------------------------------
All processes are communicating and ready to proceed to simulation...
Starting 12052 total iterations
0.398281% complete. Elapsed simulation time: 1.9914e-15 secs. Max time remaining: 6 secs. Auto Shutoff: 1
1.9914% complete. Elapsed simulation time: 9.95702e-15 secs. Max time remaining: 6 secs. Auto Shutoff: 1
4.11557% complete. Elapsed simulation time: 2.05778e-14 secs. Max time remaining: 6 secs. Auto Shutoff: 1
8.3639% complete. Elapsed simulation time: 4.18195e-14 secs. Max time remaining: 5 secs. Auto Shutoff: 1
12.438% complete. Elapsed simulation time: 6.21899e-14 secs. Max time remaining: 5 secs. Auto Shutoff: 9.21381e-10
100% complete. Max time remaining: 0 mins, 0 secs. Auto Shutoff: 9.21381e-10
Early termination of simulation, the autoshutoff criteria are satisfied.
Completed 1499 iterations, or 6.218989e-14s of Simulation Time
Process 0 starting to collect data
    collecting monitor data
    collecting source data
Finished collecting data
Simulation completed successfully at: Mon Jan 29 05:03:36 2024
Overall wall time measurements in seconds: 1.33988
    time to mesh and initialize: 0.077535
    time to run FDTD simulation: 0.737347
    time to checkpoint simulation: 5e-07
    time to finalize data and save to files: 0.0078685
    miscellaneous time: 0.517101
    FDTD solver speed on process 0: 53.6703 Mnodes/s
    total FDTD solver speed on 4 processes: 214.681 Mnodes/s
