Ansys Lumerical 2022 R2.4 FDTD Solver Version 8.28.3216 (Windows 64bit)
 expires (month/day/year): 7/31/2024
using config file: Ansys Licensing set with ANSYSLMD_LICENSE_FILE
license host: 1055@ece-winlic.ece.gatech.edu
current time: Fri Jan 26 05:34:57 2024
Running on host: ece-bh249-01
host available memory (GB): 103.589548
All processes are communicating and ready to proceed to simulation...
Running fsp file: C:\Program Files\Lumerical\v222\bin\fdtd-engine-msmpi.exe -t 4 -remote -shared-solve-license QU5TWVNfTElDRU5TSU5HX0NPTlRFWFRfREFUQT08QU5TWVNfTElDRU5TSU5HX0NPTlRFWFRfREFUQT48SUQ+YTJmNzdhNzctNmJhNi00YmE0LThhMDAtNjc4ZjIxNGUzZDEzPC9JRD48VFlQRT5BUFBfREVGSU5FRDwvVFlQRT48TkFNRT5sdW1fc3RhbmRhcmRfc29sdmVfc2hhcmU8L05BTUU+PEhBTkRMRVI+NTYyMThAZWNlLWJoMjQ5LTAxLmFkLmdhdGVjaC5lZHU8L0hBTkRMRVI+PC9BTlNZU19MSUNFTlNJTkdfQ09OVEVYVF9EQVRBPgo= D:/leaky_1_25_si3n4_metalens_phasetuning_uniform.fsp
Starting meshing
Simulation size in gridpoints: 1 x 19 x 63
Refined 0 mesh cells (0%)
Completed meshing!
Meshing complete in 0 seconds of CPU time
Starting meshing
Simulation size in gridpoints: 1 x 19 x 63
Refined 0 mesh cells (0%)
Completed meshing!
Meshing complete in 0 seconds of CPU time
Starting meshing
Simulation size in gridpoints: 1 x 19 x 63
Refined 0 mesh cells (0%)
Completed meshing!
Meshing complete in 0 seconds of CPU time
number of processors is 4
processors are distributed as: 1x1x4
Running 3D Simulation
Starting meshing
Simulation size in gridpoints: 32 x 19 x 20
Refined 0 mesh cells (0%)
Completed meshing!
Meshing complete in 0.0625 seconds of CPU time
0 0
Starting meshing
Simulation size in gridpoints: 32 x 19 x 20
Refined 0 mesh cells (0%)
Completed meshing!
Meshing complete in 0 seconds of CPU time
0 0
Starting meshing
Simulation size in gridpoints: 32 x 19 x 20
Refined 0 mesh cells (0%)
Completed meshing!
Meshing complete in 0 seconds of CPU time
0 0
finished material properties
Meshing Time: 0.0029223 seconds, Init Electrical Material Time: 0.0021276 seconds, Init Magnetic Material Time: 4.51e-05
Using selected optimization level: 2
Selecting 3d kernel for splitFieldDirection=0 and optLevel=2
-----------------------------------------
Beginning initialization of 3D Simulation
Starting to add sources to simulation
Adding 3D Mode source propagating in X
Starting to add boundary conditions to simulation
Adding 3D PML BC
Adding 3D PML BC
Adding 3D Periodic BC
Adding 3D Periodic BC
Adding 3D PML BC
Adding 3D Parallel BC
Starting to add monitors to Simulation
Adding analysis monitor
Adding 3D DFT monitor
Adding 3D DFT monitor
Finished initialization of 3D Simulation
-----------------------------------------
All processes are communicating and ready to proceed to simulation...
Starting 11706 total iterations
0.410048% complete. Elapsed simulation time: 2.05024e-15 secs. Max time remaining: 4 secs. Auto Shutoff: 1
2.05024% complete. Elapsed simulation time: 1.02512e-14 secs. Max time remaining: 4 secs. Auto Shutoff: 1
4.23717% complete. Elapsed simulation time: 2.11858e-14 secs. Max time remaining: 3 secs. Auto Shutoff: 1
7.32107% complete. Elapsed simulation time: 3.66054e-14 secs. Max time remaining: 3 secs. Auto Shutoff: 5.55903e-05
100% complete. Max time remaining: 0 mins, 0 secs. Auto Shutoff: 5.55903e-05
Early termination of simulation, the autoshutoff criteria are satisfied.
Completed 857 iterations, or 3.660537e-14s of Simulation Time
Process 0 starting to collect data
    collecting monitor data
    collecting source data
Finished collecting data
Simulation completed successfully at: Fri Jan 26 05:34:58 2024
Overall wall time measurements in seconds: 1.0858
    time to mesh and initialize: 0.103808
    time to run FDTD simulation: 0.252068
    time to checkpoint simulation: 5e-07
    time to finalize data and save to files: 0.0111612
    miscellaneous time: 0.718725
    FDTD solver speed on process 0: 41.3425 Mnodes/s
    total FDTD solver speed on 4 processes: 165.37 Mnodes/s
