Ansys Lumerical 2022 R2.4 FDTD Solver Version 8.28.3216 (Windows 64bit)
 expires (month/day/year): 7/31/2024
using config file: Ansys Licensing set with ANSYSLMD_LICENSE_FILE
license host: 1055@ece-winlic.ece.gatech.edu
current time: Mon Feb 5 06:24:59 2024
Running on host: ece-bh249-01
host available memory (GB): 76.770841
All processes are communicating and ready to proceed to simulation...
Running fsp file: C:\Program Files\Lumerical\v222\bin\fdtd-engine-msmpi.exe -t 4 -remote -shared-solve-license QU5TWVNfTElDRU5TSU5HX0NPTlRFWFRfREFUQT08QU5TWVNfTElDRU5TSU5HX0NPTlRFWFRfREFUQT48SUQ+MDVmYTcwMDEtZjQwOC00ZjI0LTg4YzgtMDJhZmQyN2E2NzhkPC9JRD48VFlQRT5BUFBfREVGSU5FRDwvVFlQRT48TkFNRT5sdW1fc3RhbmRhcmRfc29sdmVfc2hhcmU8L05BTUU+PEhBTkRMRVI+NTYyOTVAZWNlLWJoMjQ5LTAxLmFkLmdhdGVjaC5lZHU8L0hBTkRMRVI+PC9BTlNZU19MSUNFTlNJTkdfQ09OVEVYVF9EQVRBPgo= D:/leaky_2_2_si3n4_metalens_more_ellipses.fsp
Starting meshing
Simulation size in gridpoints: 1 x 11 x 31
Refined 0 mesh cells (0%)
Completed meshing!
Meshing complete in 0 seconds of CPU time
Starting meshing
Simulation size in gridpoints: 1 x 11 x 31
Refined 0 mesh cells (0%)
Completed meshing!
Meshing complete in 0 seconds of CPU time
Starting meshing
Simulation size in gridpoints: 1 x 11 x 31
Refined 0 mesh cells (0%)
Completed meshing!
Meshing complete in 0 seconds of CPU time
number of processors is 4
processors are distributed as: 2x1x2
Running 3D Simulation
Starting meshing
Simulation size in gridpoints: 14 x 11 x 23
Refined 0 mesh cells (0%)
Completed meshing!
Meshing complete in 0.078125 seconds of CPU time
0 0
Starting meshing
Simulation size in gridpoints: 14 x 11 x 23
Refined 0 mesh cells (0%)
Completed meshing!
Meshing complete in 0 seconds of CPU time
0 0
Starting meshing
Simulation size in gridpoints: 14 x 11 x 23
Refined 0 mesh cells (0%)
Completed meshing!
Meshing complete in 0 seconds of CPU time
0 0
finished material properties
Meshing Time: 0.0114661 seconds, Init Electrical Material Time: 0.0033351 seconds, Init Magnetic Material Time: 1.61e-05
Using selected optimization level: 2
Selecting 3d kernel for splitFieldDirection=0 and optLevel=2
-----------------------------------------
Beginning initialization of 3D Simulation
Starting to add sources to simulation
Adding 3D Mode source propagating in X
Starting to add boundary conditions to simulation
Adding 3D PML BC
Adding 3D Parallel BC
Adding 3D Periodic BC
Adding 3D Periodic BC
Adding 3D PML BC
Adding 3D Parallel BC
Starting to add monitors to Simulation
Adding analysis monitor
Adding 3D DFT monitor
Adding 3D DFT monitor
Adding 3D DFT monitor
Adding 3D DFT monitor
Adding 3D DFT monitor
Finished initialization of 3D Simulation
-----------------------------------------
All processes are communicating and ready to proceed to simulation...
Starting 4994 total iterations
0.961237% complete. Elapsed simulation time: 4.80618e-15 secs. Max time remaining: 1 secs. Auto Shutoff: 1
2.24289% complete. Elapsed simulation time: 1.12144e-14 secs. Max time remaining: 1 secs. Auto Shutoff: 1
4.80618% complete. Elapsed simulation time: 2.40309e-14 secs. Max time remaining: 1 secs. Auto Shutoff: 1
9.93278% complete. Elapsed simulation time: 4.96639e-14 secs. Max time remaining: 1 secs. Auto Shutoff: 1
13.5975% complete. Elapsed simulation time: 6.79875e-14 secs. Max time remaining: 1 secs. Auto Shutoff: 1.81309e-07
100% complete. Max time remaining: 0 mins, 0 secs. Auto Shutoff: 1.81309e-07
Early termination of simulation, the autoshutoff criteria are satisfied.
Completed 679 iterations, or 6.798747e-14s of Simulation Time
Process 0 starting to collect data
    collecting monitor data
    collecting source data
Finished collecting data
Simulation completed successfully at: Mon Feb 5 06:24:59 2024
Overall wall time measurements in seconds: 0.959372
    time to mesh and initialize: 0.0293469
    time to run FDTD simulation: 0.181207
    time to checkpoint simulation: 4e-07
    time to finalize data and save to files: 0.0058579
    miscellaneous time: 0.742924
    FDTD solver speed on process 0: 13.2722 Mnodes/s
    total FDTD solver speed on 4 processes: 53.0887 Mnodes/s
