Ansys Lumerical 2022 R2.4 FDTD Solver Version 8.28.3216 (Windows 64bit)
 expires (month/day/year): 7/31/2024
using config file: Ansys Licensing set with ANSYSLMD_LICENSE_FILE
license host: 1055@ece-winlic.ece.gatech.edu
current time: Thu Feb 8 15:48:40 2024
Running on host: ece-bh249-01
host available memory (GB): 119.298421
All processes are communicating and ready to proceed to simulation...
Running fsp file: C:\Program Files\Lumerical\v222\bin\fdtd-engine-msmpi.exe -t 4 -remote -shared-solve-license QU5TWVNfTElDRU5TSU5HX0NPTlRFWFRfREFUQT08QU5TWVNfTElDRU5TSU5HX0NPTlRFWFRfREFUQT48SUQ+ODY5NzI3NTctYTY3Ny00NGNhLTkwMjktOWNhNjdhNWRjNWQ3PC9JRD48VFlQRT5BUFBfREVGSU5FRDwvVFlQRT48TkFNRT5sdW1fc3RhbmRhcmRfc29sdmVfc2hhcmU8L05BTUU+PEhBTkRMRVI+NTc5NzZAZWNlLWJoMjQ5LTAxLmFkLmdhdGVjaC5lZHU8L0hBTkRMRVI+PC9BTlNZU19MSUNFTlNJTkdfQ09OVEVYVF9EQVRBPgo= D:/phase_nanfang_3unitcells.fsp
Starting meshing
Simulation size in gridpoints: 1 x 15 x 66
Refined 0 mesh cells (0%)
Completed meshing!
Meshing complete in 0 seconds of CPU time
Starting meshing
Simulation size in gridpoints: 1 x 15 x 66
Refined 0 mesh cells (0%)
Completed meshing!
Meshing complete in 0 seconds of CPU time
Starting meshing
Simulation size in gridpoints: 1 x 15 x 66
Refined 0 mesh cells (0%)
Completed meshing!
Meshing complete in 0 seconds of CPU time
number of processors is 4
processors are distributed as: 2x1x2
Running 3D Simulation
Starting meshing
Simulation size in gridpoints: 36 x 15 x 41
Refined 0 mesh cells (0%)
Completed meshing!
Meshing complete in 0.078125 seconds of CPU time
0 0
Starting meshing
Simulation size in gridpoints: 36 x 15 x 41
Refined 0 mesh cells (0%)
Completed meshing!
Meshing complete in 0.140625 seconds of CPU time
0 0
Starting meshing
Simulation size in gridpoints: 36 x 15 x 41
Refined 0 mesh cells (0%)
Completed meshing!
Meshing complete in 0.171875 seconds of CPU time
0 0
finished material properties
Meshing Time: 0.0485086 seconds, Init Electrical Material Time: 0.0053354 seconds, Init Magnetic Material Time: 3.85e-05
Using selected optimization level: 2
Selecting 3d kernel for splitFieldDirection=0 and optLevel=2
-----------------------------------------
Beginning initialization of 3D Simulation
Starting to add sources to simulation
Adding 3D Mode source propagating in X
Starting to add boundary conditions to simulation
Adding 3D PML BC
Adding 3D Parallel BC
Adding 3D Periodic BC
Adding 3D Periodic BC
Adding 3D PML BC
Adding 3D Parallel BC
Starting to add monitors to Simulation
Adding analysis monitor
Adding 3D DFT monitor
Finished initialization of 3D Simulation
-----------------------------------------
All processes are communicating and ready to proceed to simulation...
Starting 9658 total iterations
0.497015% complete. Elapsed simulation time: 4.97015e-15 secs. Max time remaining: 5 secs. Auto Shutoff: 1
2.48508% complete. Elapsed simulation time: 2.48508e-14 secs. Max time remaining: 4 secs. Auto Shutoff: 1
5.13582% complete. Elapsed simulation time: 5.13582e-14 secs. Max time remaining: 4 secs. Auto Shutoff: 1
7.87976% complete. Elapsed simulation time: 7.87976e-14 secs. Max time remaining: 4 secs. Auto Shutoff: 3.31244e-06
100% complete. Max time remaining: 0 mins, 0 secs. Auto Shutoff: 3.31244e-06
Early termination of simulation, the autoshutoff criteria are satisfied.
Completed 761 iterations, or 7.879761e-14s of Simulation Time
Process 0 starting to collect data
    collecting monitor data
    collecting source data
Finished collecting data
Simulation completed successfully at: Thu Feb 8 15:48:40 2024
Overall wall time measurements in seconds: 1.27228
    time to mesh and initialize: 0.121615
    time to run FDTD simulation: 0.336157
    time to checkpoint simulation: 3e-07
    time to finalize data and save to files: 0.0235296
    miscellaneous time: 0.79092
    FDTD solver speed on process 0: 50.121 Mnodes/s
    total FDTD solver speed on 4 processes: 200.484 Mnodes/s
