Ansys Lumerical 2022 R2.4 FDTD Solver Version 8.28.3216 (Windows 64bit)
 expires (month/day/year): 7/31/2024
using config file: Ansys Licensing set with ANSYSLMD_LICENSE_FILE
license host: 1055@ece-winlic.ece.gatech.edu
current time: Thu Feb 8 16:01:08 2024
Running on host: ece-bh249-01
host available memory (GB): 118.943429
All processes are communicating and ready to proceed to simulation...
Running fsp file: C:\Program Files\Lumerical\v222\bin\fdtd-engine-msmpi.exe -t 4 -remote -shared-solve-license QU5TWVNfTElDRU5TSU5HX0NPTlRFWFRfREFUQT08QU5TWVNfTElDRU5TSU5HX0NPTlRFWFRfREFUQT48SUQ+NzBiMWYxYWEtODNhNi00M2ZkLTlmYTEtOGQ3ZGZmOGRjMzZhPC9JRD48VFlQRT5BUFBfREVGSU5FRDwvVFlQRT48TkFNRT5sdW1fc3RhbmRhcmRfc29sdmVfc2hhcmU8L05BTUU+PEhBTkRMRVI+NTc5NzZAZWNlLWJoMjQ5LTAxLmFkLmdhdGVjaC5lZHU8L0hBTkRMRVI+PC9BTlNZU19MSUNFTlNJTkdfQ09OVEVYVF9EQVRBPgo= D:/phase_nanfang_9unitcells.fsp
Starting meshing
Simulation size in gridpoints: 1 x 40 x 66
Refined 0 mesh cells (0%)
Completed meshing!
Meshing complete in 0 seconds of CPU time
Starting meshing
Simulation size in gridpoints: 1 x 40 x 66
Refined 0 mesh cells (0%)
Completed meshing!
Meshing complete in 0 seconds of CPU time
Starting meshing
Simulation size in gridpoints: 1 x 40 x 66
Refined 0 mesh cells (0%)
Completed meshing!
Meshing complete in 0 seconds of CPU time
number of processors is 4
processors are distributed as: 2x1x2
Running 3D Simulation
Starting meshing
Simulation size in gridpoints: 36 x 40 x 41
Refined 0 mesh cells (0%)
Completed meshing!
Meshing complete in 0.234375 seconds of CPU time
0 0
Starting meshing
Simulation size in gridpoints: 36 x 40 x 41
Refined 0 mesh cells (0%)
Completed meshing!
Meshing complete in 0.28125 seconds of CPU time
0 0
Starting meshing
Simulation size in gridpoints: 36 x 40 x 41
Refined 0 mesh cells (0%)
Completed meshing!
Meshing complete in 0.15625 seconds of CPU time
0 0
finished material properties
Meshing Time: 0.0757491 seconds, Init Electrical Material Time: 0.0074536 seconds, Init Magnetic Material Time: 4.41e-05
Using selected optimization level: 2
Selecting 3d kernel for splitFieldDirection=0 and optLevel=2
-----------------------------------------
Beginning initialization of 3D Simulation
Starting to add sources to simulation
Adding 3D Mode source propagating in X
Starting to add boundary conditions to simulation
Adding 3D PML BC
Adding 3D Parallel BC
Adding 3D Periodic BC
Adding 3D Periodic BC
Adding 3D PML BC
Adding 3D Parallel BC
Starting to add monitors to Simulation
Adding analysis monitor
Adding 3D DFT monitor
Finished initialization of 3D Simulation
-----------------------------------------
All processes are communicating and ready to proceed to simulation...
Starting 9574 total iterations
0.501337% complete. Elapsed simulation time: 5.01337e-15 secs. Max time remaining: 10 secs. Auto Shutoff: 1
2.50668% complete. Elapsed simulation time: 2.50668e-14 secs. Max time remaining: 8 secs. Auto Shutoff: 1
5.18048% complete. Elapsed simulation time: 5.18048e-14 secs. Max time remaining: 8 secs. Auto Shutoff: 1
7.89606% complete. Elapsed simulation time: 7.89606e-14 secs. Max time remaining: 8 secs. Auto Shutoff: 7.29907e-06
100% complete. Max time remaining: 0 mins, 0 secs. Auto Shutoff: 7.29907e-06
Early termination of simulation, the autoshutoff criteria are satisfied.
Completed 756 iterations, or 7.896055e-14s of Simulation Time
Process 0 starting to collect data
    collecting monitor data
    collecting source data
Finished collecting data
Simulation completed successfully at: Thu Feb 8 16:01:09 2024
Overall wall time measurements in seconds: 1.75859
    time to mesh and initialize: 0.15812
    time to run FDTD simulation: 0.653385
    time to checkpoint simulation: 4e-07
    time to finalize data and save to files: 0.015082
    miscellaneous time: 0.931973
    FDTD solver speed on process 0: 68.3123 Mnodes/s
    total FDTD solver speed on 4 processes: 273.249 Mnodes/s
