Ansys Lumerical 2022 R2.4 FDTD Solver Version 8.28.3216 (Windows 64bit)
 expires (month/day/year): 7/31/2024
using config file: Ansys Licensing set with ANSYSLMD_LICENSE_FILE
license host: 1055@ece-winlic.ece.gatech.edu
current time: Thu Feb 8 19:24:48 2024
Running on host: ece-bh249-01
host available memory (GB): 115.516723
All processes are communicating and ready to proceed to simulation...
Running fsp file: C:\Program Files\Lumerical\v222\bin\fdtd-engine-msmpi.exe -t 4 -remote -shared-solve-license QU5TWVNfTElDRU5TSU5HX0NPTlRFWFRfREFUQT08QU5TWVNfTElDRU5TSU5HX0NPTlRFWFRfREFUQT48SUQ+OWM1MDNmZTctOTEyNC00YTliLWI0NzgtZGQyY2JkMmVmMmE2PC9JRD48VFlQRT5BUFBfREVGSU5FRDwvVFlQRT48TkFNRT5sdW1fc3RhbmRhcmRfc29sdmVfc2hhcmU8L05BTUU+PEhBTkRMRVI+NTc5NzZAZWNlLWJoMjQ5LTAxLmFkLmdhdGVjaC5lZHU8L0hBTkRMRVI+PC9BTlNZU19MSUNFTlNJTkdfQ09OVEVYVF9EQVRBPgo= D:/phase_nanfang_9unitcellsrchange_siourcenew.fsp
Starting meshing
Simulation size in gridpoints: 1 x 40 x 66
Refined 0 mesh cells (0%)
Completed meshing!
Meshing complete in 0 seconds of CPU time
Starting meshing
Simulation size in gridpoints: 1 x 40 x 66
Refined 0 mesh cells (0%)
Completed meshing!
Meshing complete in 0 seconds of CPU time
Starting meshing
Simulation size in gridpoints: 1 x 40 x 66
Refined 0 mesh cells (0%)
Completed meshing!
Meshing complete in 0.03125 seconds of CPU time
number of processors is 4
processors are distributed as: 2x1x2
Running 3D Simulation
Starting meshing
Simulation size in gridpoints: 41 x 40 x 41
Refined 0 mesh cells (0%)
Completed meshing!
Meshing complete in 0.328125 seconds of CPU time
0 0
Starting meshing
Simulation size in gridpoints: 41 x 40 x 41
Refined 0 mesh cells (0%)
Completed meshing!
Meshing complete in 0.28125 seconds of CPU time
0 0
Starting meshing
Simulation size in gridpoints: 41 x 40 x 41
Refined 0 mesh cells (0%)
Completed meshing!
Meshing complete in 0.125 seconds of CPU time
0 0
finished material properties
Meshing Time: 0.0950032 seconds, Init Electrical Material Time: 0.007654 seconds, Init Magnetic Material Time: 5.59e-05
Using selected optimization level: 2
Selecting 3d kernel for splitFieldDirection=0 and optLevel=2
-----------------------------------------
Beginning initialization of 3D Simulation
Starting to add sources to simulation
Adding 3D Mode source propagating in X
Starting to add boundary conditions to simulation
Adding 3D PML BC
Adding 3D Parallel BC
Adding 3D Periodic BC
Adding 3D Periodic BC
Adding 3D PML BC
Adding 3D Parallel BC
Starting to add monitors to Simulation
Adding analysis monitor
Adding 3D DFT monitor
Adding 3D DFT monitor
Adding 3D DFT monitor
Adding 3D DFT monitor
Finished initialization of 3D Simulation
-----------------------------------------
All processes are communicating and ready to proceed to simulation...
Starting 9566 total iterations
0.501775% complete. Elapsed simulation time: 5.01775e-15 secs. Max time remaining: 9 secs. Auto Shutoff: 1
2.50887% complete. Elapsed simulation time: 2.50887e-14 secs. Max time remaining: 9 secs. Auto Shutoff: 1
5.185% complete. Elapsed simulation time: 5.185e-14 secs. Max time remaining: 9 secs. Auto Shutoff: 1
10.5373% complete. Elapsed simulation time: 1.05373e-13 secs. Max time remaining: 9 secs. Auto Shutoff: 0.000161833
21.2418% complete. Elapsed simulation time: 2.12418e-13 secs. Max time remaining: 8 secs. Auto Shutoff: 4.38929e-05
31.1309% complete. Elapsed simulation time: 3.11309e-13 secs. Max time remaining: 7 secs. Auto Shutoff: 9.684e-06
100% complete. Max time remaining: 0 mins, 0 secs. Auto Shutoff: 9.684e-06
Early termination of simulation, the autoshutoff criteria are satisfied.
Completed 2978 iterations, or 3.113094e-13s of Simulation Time
Process 0 starting to collect data
    collecting monitor data
    collecting source data
Finished collecting data
Simulation completed successfully at: Thu Feb 8 19:24:51 2024
Overall wall time measurements in seconds: 4.20416
    time to mesh and initialize: 0.192112
    time to run FDTD simulation: 3.15375
    time to checkpoint simulation: 4e-07
    time to finalize data and save to files: 0.020578
    miscellaneous time: 0.837678
    FDTD solver speed on process 0: 63.4929 Mnodes/s
    total FDTD solver speed on 4 processes: 253.972 Mnodes/s
