Ansys Lumerical 2022 R2.4 FDTD Solver Version 8.28.3216 (Windows 64bit)
 expires (month/day/year): 7/31/2024
using config file: Ansys Licensing set with ANSYSLMD_LICENSE_FILE
license host: 1055@ece-winlic.ece.gatech.edu
current time: Thu Feb 8 00:48:59 2024
Running on host: ece-bh249-01
host available memory (GB): 65.854112
All processes are communicating and ready to proceed to simulation...
Running fsp file: C:\Program Files\Lumerical\v222\bin\fdtd-engine-msmpi.exe -t 4 -remote -shared-solve-license QU5TWVNfTElDRU5TSU5HX0NPTlRFWFRfREFUQT08QU5TWVNfTElDRU5TSU5HX0NPTlRFWFRfREFUQT48SUQ+MjBiNzAxYTctNDJjZC00NGMxLTgyNGMtM2VlNzY1OTA0ZjA2PC9JRD48VFlQRT5BUFBfREVGSU5FRDwvVFlQRT48TkFNRT5sdW1fc3RhbmRhcmRfc29sdmVfc2hhcmU8L05BTUU+PEhBTkRMRVI+NTc5NzZAZWNlLWJoMjQ5LTAxLmFkLmdhdGVjaC5lZHU8L0hBTkRMRVI+PC9BTlNZU19MSUNFTlNJTkdfQ09OVEVYVF9EQVRBPgo= D:/phase_nanfang_new.fsp
Starting meshing
Simulation size in gridpoints: 1 x 17 x 66
Refined 0 mesh cells (0%)
Completed meshing!
Meshing complete in 0.0625 seconds of CPU time
Starting meshing
Simulation size in gridpoints: 1 x 17 x 66
Refined 0 mesh cells (0%)
Completed meshing!
Meshing complete in 0 seconds of CPU time
Starting meshing
Simulation size in gridpoints: 1 x 17 x 66
Refined 0 mesh cells (0%)
Completed meshing!
Meshing complete in 0 seconds of CPU time
number of processors is 4
processors are distributed as: 1x1x4
Running 3D Simulation
Starting meshing
Simulation size in gridpoints: 31 x 17 x 21
Refined 0 mesh cells (0%)
Completed meshing!
Meshing complete in 0.0625 seconds of CPU time
0 0
Starting meshing
Simulation size in gridpoints: 31 x 17 x 21
Refined 0 mesh cells (0%)
Completed meshing!
Meshing complete in 0 seconds of CPU time
0 0
Starting meshing
Simulation size in gridpoints: 31 x 17 x 21
Refined 0 mesh cells (0%)
Completed meshing!
Meshing complete in 0 seconds of CPU time
0 0
finished material properties
Meshing Time: 0.0128924 seconds, Init Electrical Material Time: 0.0004602 seconds, Init Magnetic Material Time: 1.03e-05
Using selected optimization level: 2
Selecting 3d kernel for splitFieldDirection=0 and optLevel=2
-----------------------------------------
Beginning initialization of 3D Simulation
Starting to add sources to simulation
Adding 3D Mode source propagating in X
Starting to add boundary conditions to simulation
Adding 3D PML BC
Adding 3D PML BC
Adding 3D Periodic BC
Adding 3D Periodic BC
Adding 3D PML BC
Adding 3D Parallel BC
Starting to add monitors to Simulation
Adding analysis monitor
Adding 3D DFT monitor
Adding 3D DFT monitor
Adding 3D DFT monitor
Finished initialization of 3D Simulation
-----------------------------------------
All processes are communicating and ready to proceed to simulation...
Starting 9762 total iterations
0.491698% complete. Elapsed simulation time: 4.91698e-15 secs. Max time remaining: 3 secs. Auto Shutoff: 1
2.45849% complete. Elapsed simulation time: 2.45849e-14 secs. Max time remaining: 3 secs. Auto Shutoff: 1
5.08088% complete. Elapsed simulation time: 5.08088e-14 secs. Max time remaining: 3 secs. Auto Shutoff: 1
10.3257% complete. Elapsed simulation time: 1.03257e-13 secs. Max time remaining: 2 secs. Auto Shutoff: 0.000176332
20.8152% complete. Elapsed simulation time: 2.08152e-13 secs. Max time remaining: 2 secs. Auto Shutoff: 0.000146533
41.7943% complete. Elapsed simulation time: 4.17943e-13 secs. Max time remaining: 1 secs. Auto Shutoff: 4.81007e-05
83.7526% complete. Elapsed simulation time: 8.37526e-13 secs. Max time remaining: 0 secs. Auto Shutoff: 2.75291e-05
99.9991% complete. Elapsed simulation time: 9.99991e-13 secs. Max time remaining: 0 secs. Auto Shutoff: 2.98569e-05
Completed 9762 iterations, or 9.999912e-13s of Simulation Time
Process 0 starting to collect data
    collecting monitor data
    collecting source data
Finished collecting data
Simulation completed successfully at: Thu Feb 8 00:49:02 2024
Overall wall time measurements in seconds: 3.2986
    time to mesh and initialize: 0.0639204
    time to run FDTD simulation: 2.41885
    time to checkpoint simulation: 4e-07
    time to finalize data and save to files: 0.0103787
    miscellaneous time: 0.805417
    FDTD solver speed on process 0: 44.6642 Mnodes/s
    total FDTD solver speed on 4 processes: 178.657 Mnodes/s
