Ansys Lumerical 2022 R2.4 FDTD Solver Version 8.28.3216 (Windows 64bit)
 expires (month/day/year): 7/31/2024
using config file: Ansys Licensing set with ANSYSLMD_LICENSE_FILE
license host: 1055@ece-winlic.ece.gatech.edu
current time: Fri Feb 9 10:30:53 2024
Running on host: ece-bh249-01
host available memory (GB): 113.624941
All processes are communicating and ready to proceed to simulation...
Running fsp file: C:\Program Files\Lumerical\v222\bin\fdtd-engine-msmpi.exe -t 4 -remote -shared-solve-license QU5TWVNfTElDRU5TSU5HX0NPTlRFWFRfREFUQT08QU5TWVNfTElDRU5TSU5HX0NPTlRFWFRfREFUQT48SUQ+ZjhkMzQzYzktZDUzYi00NTkyLThlYjUtMzM0MmNlZWZiMmY1PC9JRD48VFlQRT5BUFBfREVGSU5FRDwvVFlQRT48TkFNRT5sdW1fc3RhbmRhcmRfc29sdmVfc2hhcmU8L05BTUU+PEhBTkRMRVI+NTc5NzZAZWNlLWJoMjQ5LTAxLmFkLmdhdGVjaC5lZHU8L0hBTkRMRVI+PC9BTlNZU19MSUNFTlNJTkdfQ09OVEVYVF9EQVRBPgo= D:/phase_nanfang_3unitcells_axchangedfsp.fsp
Starting meshing
Simulation size in gridpoints: 1 x 58 x 86
Refined 0 mesh cells (0%)
Completed meshing!
Meshing complete in 0 seconds of CPU time
Starting meshing
Simulation size in gridpoints: 1 x 58 x 86
Refined 0 mesh cells (0%)
Completed meshing!
Meshing complete in 0 seconds of CPU time
Starting meshing
Simulation size in gridpoints: 1 x 58 x 86
Refined 0 mesh cells (0%)
Completed meshing!
Meshing complete in 0 seconds of CPU time
number of processors is 4
processors are distributed as: 2x1x2
Running 3D Simulation
Starting meshing
Simulation size in gridpoints: 68 x 58 x 51
Refined 0 mesh cells (0%)
Completed meshing!
Meshing complete in 0.34375 seconds of CPU time
0 0
Starting meshing
Simulation size in gridpoints: 68 x 58 x 51
Refined 0 mesh cells (0%)
Completed meshing!
Meshing complete in 0.1875 seconds of CPU time
0 0
Starting meshing
Simulation size in gridpoints: 68 x 58 x 51
Refined 0 mesh cells (0%)
Completed meshing!
Meshing complete in 0.1875 seconds of CPU time
0 0
finished material properties
Meshing Time: 0.143739 seconds, Init Electrical Material Time: 0.014536 seconds, Init Magnetic Material Time: 0.0004605
Using selected optimization level: 2
Selecting 3d kernel for splitFieldDirection=0 and optLevel=2
-----------------------------------------
Beginning initialization of 3D Simulation
Starting to add sources to simulation
Adding 3D Mode source propagating in X
Starting to add boundary conditions to simulation
Adding 3D PML BC
Adding 3D Parallel BC
Adding 3D Periodic BC
Adding 3D Periodic BC
Adding 3D PML BC
Adding 3D Parallel BC
Starting to add monitors to Simulation
Adding analysis monitor
Adding 3D DFT monitor
Adding 3D DFT monitor
Adding 3D DFT monitor
Adding 3D DFT monitor
Finished initialization of 3D Simulation
-----------------------------------------
All processes are communicating and ready to proceed to simulation...
Starting 12238 total iterations
0.39221% complete. Elapsed simulation time: 3.9221e-15 secs. Max time remaining: 25 secs. Auto Shutoff: 1
1.96105% complete. Elapsed simulation time: 1.96105e-14 secs. Max time remaining: 28 secs. Auto Shutoff: 1
4.05283% complete. Elapsed simulation time: 4.05283e-14 secs. Max time remaining: 28 secs. Auto Shutoff: 1
8.2364% complete. Elapsed simulation time: 8.2364e-14 secs. Max time remaining: 26 secs. Auto Shutoff: 0.00338983
12.42% complete. Elapsed simulation time: 1.242e-13 secs. Max time remaining: 26 secs. Auto Shutoff: 0.00010756
16.6035% complete. Elapsed simulation time: 1.66035e-13 secs. Max time remaining: 24 secs. Auto Shutoff: 6.26281e-05
20.7871% complete. Elapsed simulation time: 2.07871e-13 secs. Max time remaining: 23 secs. Auto Shutoff: 5.11967e-05
24.9707% complete. Elapsed simulation time: 2.49707e-13 secs. Max time remaining: 22 secs. Auto Shutoff: 4.80135e-05
29.1543% complete. Elapsed simulation time: 2.91543e-13 secs. Max time remaining: 20 secs. Auto Shutoff: 3.63901e-05
33.3378% complete. Elapsed simulation time: 3.33378e-13 secs. Max time remaining: 19 secs. Auto Shutoff: 2.35764e-05
37.5214% complete. Elapsed simulation time: 3.75214e-13 secs. Max time remaining: 18 secs. Auto Shutoff: 1.39702e-05
39.6295% complete. Elapsed simulation time: 3.96295e-13 secs. Max time remaining: 18 secs. Auto Shutoff: 8.46831e-06
100% complete. Max time remaining: 0 mins, 0 secs. Auto Shutoff: 8.46831e-06
Early termination of simulation, the autoshutoff criteria are satisfied.
Completed 4850 iterations, or 3.962952e-13s of Simulation Time
Process 0 starting to collect data
    collecting monitor data
    collecting source data
Finished collecting data
Simulation completed successfully at: Fri Feb 9 10:31:06 2024
Overall wall time measurements in seconds: 12.9251
    time to mesh and initialize: 0.334456
    time to run FDTD simulation: 11.6484
    time to checkpoint simulation: 4e-07
    time to finalize data and save to files: 0.0341937
    miscellaneous time: 0.90791
    FDTD solver speed on process 0: 83.7492 Mnodes/s
    total FDTD solver speed on 4 processes: 334.997 Mnodes/s
