Ansys Lumerical 2022 R2.4 FDTD Solver Version 8.28.3216 (Windows 64bit)
 expires (month/day/year): 7/31/2024
using config file: Ansys Licensing set with ANSYSLMD_LICENSE_FILE
license host: 1055@ece-winlic.ece.gatech.edu
current time: Fri Feb 9 13:06:36 2024
Running on host: ece-bh249-01
host available memory (GB): 112.088105
All processes are communicating and ready to proceed to simulation...
Running fsp file: C:\Program Files\Lumerical\v222\bin\fdtd-engine-msmpi.exe -t 4 -remote -shared-solve-license QU5TWVNfTElDRU5TSU5HX0NPTlRFWFRfREFUQT08QU5TWVNfTElDRU5TSU5HX0NPTlRFWFRfREFUQT48SUQ+MDQxYzFlZTgtNzk0ZC00MjQ4LThkZTAtOTAxZjRhNDAxZWRiPC9JRD48VFlQRT5BUFBfREVGSU5FRDwvVFlQRT48TkFNRT5sdW1fc3RhbmRhcmRfc29sdmVfc2hhcmU8L05BTUU+PEhBTkRMRVI+NTc5NzZAZWNlLWJoMjQ5LTAxLmFkLmdhdGVjaC5lZHU8L0hBTkRMRVI+PC9BTlNZU19MSUNFTlNJTkdfQ09OVEVYVF9EQVRBPgo= D:/phase_nanfang_radius_sep_height.fsp
Starting meshing
Simulation size in gridpoints: 1 x 17 x 66
Refined 0 mesh cells (0%)
Completed meshing!
Meshing complete in 0 seconds of CPU time
Starting meshing
Simulation size in gridpoints: 1 x 17 x 66
Refined 0 mesh cells (0%)
Completed meshing!
Meshing complete in 0 seconds of CPU time
Starting meshing
Simulation size in gridpoints: 1 x 17 x 66
Refined 0 mesh cells (0%)
Completed meshing!
Meshing complete in 0 seconds of CPU time
number of processors is 4
processors are distributed as: 1x1x4
Running 3D Simulation
Starting meshing
Simulation size in gridpoints: 31 x 17 x 21
Refined 0 mesh cells (0%)
Completed meshing!
Meshing complete in 0.0625 seconds of CPU time
0 0
Starting meshing
Simulation size in gridpoints: 31 x 17 x 21
Refined 0 mesh cells (0%)
Completed meshing!
Meshing complete in 0 seconds of CPU time
0 0
Starting meshing
Simulation size in gridpoints: 31 x 17 x 21
Refined 0 mesh cells (0%)
Completed meshing!
Meshing complete in 0.0625 seconds of CPU time
0 0
finished material properties
Meshing Time: 0.0127839 seconds, Init Electrical Material Time: 0.0004605 seconds, Init Magnetic Material Time: 1.1e-05
Using selected optimization level: 2
Selecting 3d kernel for splitFieldDirection=0 and optLevel=2
-----------------------------------------
Beginning initialization of 3D Simulation
Starting to add sources to simulation
Adding 3D Mode source propagating in X
Starting to add boundary conditions to simulation
Adding 3D PML BC
Adding 3D PML BC
Adding 3D Periodic BC
Adding 3D Periodic BC
Adding 3D PML BC
Adding 3D Parallel BC
Starting to add monitors to Simulation
Adding analysis monitor
Adding 3D DFT monitor
Adding 3D DFT monitor
Adding 3D DFT monitor
Finished initialization of 3D Simulation
-----------------------------------------
All processes are communicating and ready to proceed to simulation...
Starting 9762 total iterations
0.491698% complete. Elapsed simulation time: 4.91698e-15 secs. Max time remaining: 3 secs. Auto Shutoff: 1
2.45849% complete. Elapsed simulation time: 2.45849e-14 secs. Max time remaining: 3 secs. Auto Shutoff: 1
5.08088% complete. Elapsed simulation time: 5.08088e-14 secs. Max time remaining: 3 secs. Auto Shutoff: 1
10.3257% complete. Elapsed simulation time: 1.03257e-13 secs. Max time remaining: 3 secs. Auto Shutoff: 0.000180757
20.8152% complete. Elapsed simulation time: 2.08152e-13 secs. Max time remaining: 2 secs. Auto Shutoff: 0.000127625
41.7943% complete. Elapsed simulation time: 4.17943e-13 secs. Max time remaining: 2 secs. Auto Shutoff: 4.24258e-05
83.7526% complete. Elapsed simulation time: 8.37526e-13 secs. Max time remaining: 0 secs. Auto Shutoff: 2.74259e-05
99.9991% complete. Elapsed simulation time: 9.99991e-13 secs. Max time remaining: 0 secs. Auto Shutoff: 1.99396e-05
Completed 9762 iterations, or 9.999912e-13s of Simulation Time
Process 0 starting to collect data
    collecting monitor data
    collecting source data
Finished collecting data
Simulation completed successfully at: Fri Feb 9 13:06:39 2024
Overall wall time measurements in seconds: 3.70129
    time to mesh and initialize: 0.0691695
    time to run FDTD simulation: 2.92023
    time to checkpoint simulation: 4e-07
    time to finalize data and save to files: 0.0118568
    miscellaneous time: 0.69999
    FDTD solver speed on process 0: 36.9958 Mnodes/s
    total FDTD solver speed on 4 processes: 147.983 Mnodes/s
