Ansys Lumerical 2022 R2.4 FDTD Solver Version 8.28.3216 (Windows 64bit)
 expires (month/day/year): 7/31/2024
using config file: Ansys Licensing set with ANSYSLMD_LICENSE_FILE
license host: 1055@ece-winlic.ece.gatech.edu
current time: Thu Feb 8 18:03:36 2024
Running on host: ece-bh249-01
host available memory (GB): 117.817692
All processes are communicating and ready to proceed to simulation...
Running fsp file: C:\Program Files\Lumerical\v222\bin\fdtd-engine-msmpi.exe -t 4 -remote -shared-solve-license QU5TWVNfTElDRU5TSU5HX0NPTlRFWFRfREFUQT08QU5TWVNfTElDRU5TSU5HX0NPTlRFWFRfREFUQT48SUQ+ZmE2NWIzMGQtMjJlYS00ZWU5LTg3ZTEtNmQwMzIxODI5M2Q2PC9JRD48VFlQRT5BUFBfREVGSU5FRDwvVFlQRT48TkFNRT5sdW1fc3RhbmRhcmRfc29sdmVfc2hhcmU8L05BTUU+PEhBTkRMRVI+NTc5NzZAZWNlLWJoMjQ5LTAxLmFkLmdhdGVjaC5lZHU8L0hBTkRMRVI+PC9BTlNZU19MSUNFTlNJTkdfQ09OVEVYVF9EQVRBPgo= D:/phase_nanfang_radius_sep_height_axchanged.fsp
Starting meshing
Simulation size in gridpoints: 1 x 17 x 66
Refined 0 mesh cells (0%)
Completed meshing!
Meshing complete in 0 seconds of CPU time
Starting meshing
Simulation size in gridpoints: 1 x 17 x 66
Refined 0 mesh cells (0%)
Completed meshing!
Meshing complete in 0 seconds of CPU time
Starting meshing
Simulation size in gridpoints: 1 x 17 x 66
Refined 0 mesh cells (0%)
Completed meshing!
Meshing complete in 0.046875 seconds of CPU time
number of processors is 4
processors are distributed as: 2x1x2
Running 3D Simulation
Starting meshing
Simulation size in gridpoints: 27 x 17 x 41
Refined 0 mesh cells (0%)
Completed meshing!
Meshing complete in 0.109375 seconds of CPU time
0 0
Starting meshing
Simulation size in gridpoints: 27 x 17 x 41
Refined 0 mesh cells (0%)
Completed meshing!
Meshing complete in 0 seconds of CPU time
0 0
Starting meshing
Simulation size in gridpoints: 27 x 17 x 41
Refined 0 mesh cells (0%)
Completed meshing!
Meshing complete in 0 seconds of CPU time
0 0
finished material properties
Meshing Time: 0.0263266 seconds, Init Electrical Material Time: 0.0034246 seconds, Init Magnetic Material Time: 4.16e-05
Using selected optimization level: 2
Selecting 3d kernel for splitFieldDirection=0 and optLevel=2
-----------------------------------------
Beginning initialization of 3D Simulation
Starting to add sources to simulation
Adding 3D Mode source propagating in X
Starting to add boundary conditions to simulation
Adding 3D PML BC
Adding 3D Parallel BC
Adding 3D Periodic BC
Adding 3D Periodic BC
Adding 3D PML BC
Adding 3D Parallel BC
Starting to add monitors to Simulation
Adding analysis monitor
Adding 3D DFT monitor
Adding 3D DFT monitor
Adding 3D DFT monitor
Adding 3D DFT monitor
Finished initialization of 3D Simulation
-----------------------------------------
All processes are communicating and ready to proceed to simulation...
Starting 9718 total iterations
0.493916% complete. Elapsed simulation time: 4.93916e-15 secs. Max time remaining: 4 secs. Auto Shutoff: 1
2.46958% complete. Elapsed simulation time: 2.46958e-14 secs. Max time remaining: 3 secs. Auto Shutoff: 1
5.1038% complete. Elapsed simulation time: 5.1038e-14 secs. Max time remaining: 3 secs. Auto Shutoff: 1
10.3722% complete. Elapsed simulation time: 1.03722e-13 secs. Max time remaining: 3 secs. Auto Shutoff: 5.99147e-05
20.9091% complete. Elapsed simulation time: 2.09091e-13 secs. Max time remaining: 2 secs. Auto Shutoff: 2.46585e-05
28.6574% complete. Elapsed simulation time: 2.86574e-13 secs. Max time remaining: 2 secs. Auto Shutoff: 7.70607e-06
100% complete. Max time remaining: 0 mins, 0 secs. Auto Shutoff: 7.70607e-06
Early termination of simulation, the autoshutoff criteria are satisfied.
Completed 2785 iterations, or 2.865743e-13s of Simulation Time
Process 0 starting to collect data
    collecting monitor data
    collecting source data
Finished collecting data
Simulation completed successfully at: Thu Feb 8 18:03:37 2024
Overall wall time measurements in seconds: 1.64816
    time to mesh and initialize: 0.0669395
    time to run FDTD simulation: 0.890347
    time to checkpoint simulation: 4e-07
    time to finalize data and save to files: 0.0116454
    miscellaneous time: 0.679207
    FDTD solver speed on process 0: 58.8657 Mnodes/s
    total FDTD solver speed on 4 processes: 235.463 Mnodes/s
