Ansys Lumerical 2022 R2.4 FDTD Solver Version 8.28.3216 (Windows 64bit)
 expires (month/day/year): 7/31/2024
using config file: Ansys Licensing set with ANSYSLMD_LICENSE_FILE
license host: 1055@ece-winlic.ece.gatech.edu
current time: Fri Jan 26 11:46:00 2024
Running on host: ece-bh249-01
host available memory (GB): 99.937784
All processes are communicating and ready to proceed to simulation...
Running fsp file: C:\Program Files\Lumerical\v222\bin\fdtd-engine-msmpi.exe -t 4 -remote -shared-solve-license QU5TWVNfTElDRU5TSU5HX0NPTlRFWFRfREFUQT08QU5TWVNfTElDRU5TSU5HX0NPTlRFWFRfREFUQT48SUQ+YWZiMzBhMzEtY2U0Yi00OGVkLWJiNTctNzAyOTkzYTEzZGU3PC9JRD48VFlQRT5BUFBfREVGSU5FRDwvVFlQRT48TkFNRT5sdW1fc3RhbmRhcmRfc29sdmVfc2hhcmU8L05BTUU+PEhBTkRMRVI+NTYyMThAZWNlLWJoMjQ5LTAxLmFkLmdhdGVjaC5lZHU8L0hBTkRMRVI+PC9BTlNZU19MSUNFTlNJTkdfQ09OVEVYVF9EQVRBPgo= D:/rectified_1_26_24.fsp
Starting meshing
Simulation size in gridpoints: 1 x 2634 x 50
Refined 0 mesh cells (0%)
Completed meshing!
Meshing complete in 0.96875 seconds of CPU time
Starting meshing
Simulation size in gridpoints: 1 x 2634 x 50
Refined 0 mesh cells (0%)
Completed meshing!
Meshing complete in 0.984375 seconds of CPU time
Starting meshing
Simulation size in gridpoints: 1 x 2634 x 50
Refined 0 mesh cells (0%)
Completed meshing!
Meshing complete in 0.953125 seconds of CPU time
number of processors is 4
processors are distributed as: 2x2x1
Running 3D Simulation
Starting meshing
Simulation size in gridpoints: 768 x 1318 x 64
Refined 0 mesh cells (0%)
Completed meshing!
Meshing complete in 381.984 seconds of CPU time
0 0
Starting meshing
Simulation size in gridpoints: 768 x 1318 x 64
Refined 0 mesh cells (0%)
Completed meshing!
Meshing complete in 378.359 seconds of CPU time
0 0
Starting meshing
Simulation size in gridpoints: 768 x 1318 x 64
Refined 0 mesh cells (0%)
Completed meshing!
Meshing complete in 354.953 seconds of CPU time
0 0
finished material properties
Meshing Time: 191.288 seconds, Init Electrical Material Time: 20.3416 seconds, Init Magnetic Material Time: 0.111582
Using selected optimization level: 2
Selecting 3d kernel for splitFieldDirection=0 and optLevel=2
-----------------------------------------
Beginning initialization of 3D Simulation
Starting to add sources to simulation
Adding 3D Mode source propagating in X
Starting to add boundary conditions to simulation
Adding 3D PML BC
Adding 3D Parallel BC
Adding 3D Parallel BC
Adding 3D Parallel BC
Adding 3D PML BC
Adding 3D PML BC
Starting to add monitors to Simulation
Adding analysis monitor
Adding 3D DFT monitor
Finished initialization of 3D Simulation
-----------------------------------------
All processes are communicating and ready to proceed to simulation...
Starting 13215 total iterations
0.181614% complete. Elapsed simulation time: 1.81614e-15 secs. Max time remaining: 2 hrs, 37 mins, 52 secs. Auto Shutoff: 1
1.19562% complete. Elapsed simulation time: 1.19562e-14 secs. Max time remaining: 2 hrs, 34 mins, 21 secs. Auto Shutoff: 1
2.20963% complete. Elapsed simulation time: 2.20963e-14 secs. Max time remaining: 2 hrs, 32 mins, 7 secs. Auto Shutoff: 1
3.22365% complete. Elapsed simulation time: 3.22365e-14 secs. Max time remaining: 2 hrs, 30 mins, 46 secs. Auto Shutoff: 0.985208
4.23766% complete. Elapsed simulation time: 4.23766e-14 secs. Max time remaining: 2 hrs, 29 mins, 41 secs. Auto Shutoff: 0.842434
5.25167% complete. Elapsed simulation time: 5.25167e-14 secs. Max time remaining: 2 hrs, 27 mins, 56 secs. Auto Shutoff: 0.785687
6.26568% complete. Elapsed simulation time: 6.26568e-14 secs. Max time remaining: 2 hrs, 25 mins, 59 secs. Auto Shutoff: 0.701249
7.27969% complete. Elapsed simulation time: 7.27969e-14 secs. Max time remaining: 2 hrs, 24 mins, 4 secs. Auto Shutoff: 0.619871
8.2937% complete. Elapsed simulation time: 8.2937e-14 secs. Max time remaining: 2 hrs, 22 mins, 14 secs. Auto Shutoff: 0.544165
9.30771% complete. Elapsed simulation time: 9.30771e-14 secs. Max time remaining: 2 hrs, 20 mins, 23 secs. Auto Shutoff: 0.47932
10.3217% complete. Elapsed simulation time: 1.03217e-13 secs. Max time remaining: 2 hrs, 18 mins, 38 secs. Auto Shutoff: 0.424157
11.3357% complete. Elapsed simulation time: 1.13357e-13 secs. Max time remaining: 2 hrs, 16 mins, 54 secs. Auto Shutoff: 0.391185
12.3497% complete. Elapsed simulation time: 1.23497e-13 secs. Max time remaining: 2 hrs, 15 mins, 11 secs. Auto Shutoff: 0.332514
13.3637% complete. Elapsed simulation time: 1.33637e-13 secs. Max time remaining: 2 hrs, 13 mins, 29 secs. Auto Shutoff: 0.303688
14.3778% complete. Elapsed simulation time: 1.43778e-13 secs. Max time remaining: 2 hrs, 11 mins, 48 secs. Auto Shutoff: 0.277843
15.3918% complete. Elapsed simulation time: 1.53918e-13 secs. Max time remaining: 2 hrs, 10 mins, 9 secs. Auto Shutoff: 0.237255
16.4058% complete. Elapsed simulation time: 1.64058e-13 secs. Max time remaining: 2 hrs, 8 mins, 30 secs. Auto Shutoff: 0.2256
17.4198% complete. Elapsed simulation time: 1.74198e-13 secs. Max time remaining: 2 hrs, 6 mins, 51 secs. Auto Shutoff: 0.209436
18.4338% complete. Elapsed simulation time: 1.84338e-13 secs. Max time remaining: 2 hrs, 5 mins, 15 secs. Auto Shutoff: 0.178222
19.4478% complete. Elapsed simulation time: 1.94478e-13 secs. Max time remaining: 2 hrs, 3 mins, 38 secs. Auto Shutoff: 0.165293
20.4618% complete. Elapsed simulation time: 2.04618e-13 secs. Max time remaining: 2 hrs, 2 mins, 1 secs. Auto Shutoff: 0.155158
21.4758% complete. Elapsed simulation time: 2.14758e-13 secs. Max time remaining: 2 hrs, 25 secs. Auto Shutoff: 0.138625
22.4898% complete. Elapsed simulation time: 2.24898e-13 secs. Max time remaining: 1 hr, 58 mins, 48 secs. Auto Shutoff: 0.127917
23.5039% complete. Elapsed simulation time: 2.35039e-13 secs. Max time remaining: 1 hr, 57 mins, 19 secs. Auto Shutoff: 0.119099
24.5179% complete. Elapsed simulation time: 2.45179e-13 secs. Max time remaining: 1 hr, 55 mins, 54 secs. Auto Shutoff: 0.111238
25.5319% complete. Elapsed simulation time: 2.55319e-13 secs. Max time remaining: 1 hr, 54 mins, 28 secs. Auto Shutoff: 0.099223
26.5459% complete. Elapsed simulation time: 2.65459e-13 secs. Max time remaining: 1 hr, 53 mins, 4 secs. Auto Shutoff: 0.0950027
27.5599% complete. Elapsed simulation time: 2.75599e-13 secs. Max time remaining: 1 hr, 51 mins, 35 secs. Auto Shutoff: 0.0913067
28.5739% complete. Elapsed simulation time: 2.85739e-13 secs. Max time remaining: 1 hr, 50 mins, 10 secs. Auto Shutoff: 0.0772802
29.5879% complete. Elapsed simulation time: 2.95879e-13 secs. Max time remaining: 1 hr, 48 mins, 44 secs. Auto Shutoff: 0.0737329
30.6019% complete. Elapsed simulation time: 3.06019e-13 secs. Max time remaining: 1 hr, 47 mins, 18 secs. Auto Shutoff: 0.0705923
31.6159% complete. Elapsed simulation time: 3.16159e-13 secs. Max time remaining: 1 hr, 45 mins, 48 secs. Auto Shutoff: 0.0642804
32.6299% complete. Elapsed simulation time: 3.26299e-13 secs. Max time remaining: 1 hr, 44 mins, 18 secs. Auto Shutoff: 0.0626172
33.644% complete. Elapsed simulation time: 3.3644e-13 secs. Max time remaining: 1 hr, 42 mins, 47 secs. Auto Shutoff: 0.0588412
34.658% complete. Elapsed simulation time: 3.4658e-13 secs. Max time remaining: 1 hr, 41 mins, 17 secs. Auto Shutoff: 0.0510617
35.672% complete. Elapsed simulation time: 3.5672e-13 secs. Max time remaining: 1 hr, 39 mins, 45 secs. Auto Shutoff: 0.0486126
36.686% complete. Elapsed simulation time: 3.6686e-13 secs. Max time remaining: 1 hr, 38 mins, 15 secs. Auto Shutoff: 0.0467518
37.7% complete. Elapsed simulation time: 3.77e-13 secs. Max time remaining: 1 hr, 36 mins, 44 secs. Auto Shutoff: 0.0432072
38.714% complete. Elapsed simulation time: 3.8714e-13 secs. Max time remaining: 1 hr, 35 mins, 12 secs. Auto Shutoff: 0.0412252
39.728% complete. Elapsed simulation time: 3.9728e-13 secs. Max time remaining: 1 hr, 33 mins, 41 secs. Auto Shutoff: 0.0393113
40.742% complete. Elapsed simulation time: 4.0742e-13 secs. Max time remaining: 1 hr, 32 mins, 10 secs. Auto Shutoff: 0.0357386
41.756% complete. Elapsed simulation time: 4.1756e-13 secs. Max time remaining: 1 hr, 30 mins, 39 secs. Auto Shutoff: 0.0345082
42.7701% complete. Elapsed simulation time: 4.27701e-13 secs. Max time remaining: 1 hr, 29 mins, 6 secs. Auto Shutoff: 0.0333763
43.7841% complete. Elapsed simulation time: 4.37841e-13 secs. Max time remaining: 1 hr, 27 mins, 35 secs. Auto Shutoff: 0.0295234
44.7981% complete. Elapsed simulation time: 4.47981e-13 secs. Max time remaining: 1 hr, 26 mins, 1 secs. Auto Shutoff: 0.0287641
45.8121% complete. Elapsed simulation time: 4.58121e-13 secs. Max time remaining: 1 hr, 24 mins, 25 secs. Auto Shutoff: 0.0287129
46.8261% complete. Elapsed simulation time: 4.68261e-13 secs. Max time remaining: 1 hr, 22 mins, 50 secs. Auto Shutoff: 0.025012
47.8401% complete. Elapsed simulation time: 4.78401e-13 secs. Max time remaining: 1 hr, 21 mins, 16 secs. Auto Shutoff: 0.0241579
48.8541% complete. Elapsed simulation time: 4.88541e-13 secs. Max time remaining: 1 hr, 19 mins, 41 secs. Auto Shutoff: 0.0242528
49.8681% complete. Elapsed simulation time: 4.98681e-13 secs. Max time remaining: 1 hr, 18 mins, 7 secs. Auto Shutoff: 0.0219062
50.8821% complete. Elapsed simulation time: 5.08821e-13 secs. Max time remaining: 1 hr, 16 mins, 32 secs. Auto Shutoff: 0.0208507
51.8961% complete. Elapsed simulation time: 5.18961e-13 secs. Max time remaining: 1 hr, 14 mins, 57 secs. Auto Shutoff: 0.0207997
52.9102% complete. Elapsed simulation time: 5.29102e-13 secs. Max time remaining: 1 hr, 13 mins, 23 secs. Auto Shutoff: 0.0187627
53.9242% complete. Elapsed simulation time: 5.39242e-13 secs. Max time remaining: 1 hr, 11 mins, 48 secs. Auto Shutoff: 0.0176963
54.9382% complete. Elapsed simulation time: 5.49382e-13 secs. Max time remaining: 1 hr, 10 mins, 13 secs. Auto Shutoff: 0.0176147
55.9522% complete. Elapsed simulation time: 5.59522e-13 secs. Max time remaining: 1 hr, 8 mins, 38 secs. Auto Shutoff: 0.0165571
56.9662% complete. Elapsed simulation time: 5.69662e-13 secs. Max time remaining: 1 hr, 7 mins, 4 secs. Auto Shutoff: 0.0158741
57.9802% complete. Elapsed simulation time: 5.79802e-13 secs. Max time remaining: 1 hr, 5 mins, 29 secs. Auto Shutoff: 0.015438
58.9942% complete. Elapsed simulation time: 5.89942e-13 secs. Max time remaining: 1 hr, 3 mins, 54 secs. Auto Shutoff: 0.0140685
60.0082% complete. Elapsed simulation time: 6.00082e-13 secs. Max time remaining: 1 hr, 2 mins, 19 secs. Auto Shutoff: 0.0135441
61.0222% complete. Elapsed simulation time: 6.10222e-13 secs. Max time remaining: 1 hr, 44 secs. Auto Shutoff: 0.0132053
62.0363% complete. Elapsed simulation time: 6.20363e-13 secs. Max time remaining: 59 mins, 10 secs. Auto Shutoff: 0.0125112
63.0503% complete. Elapsed simulation time: 6.30503e-13 secs. Max time remaining: 57 mins, 35 secs. Auto Shutoff: 0.0120413
64.0643% complete. Elapsed simulation time: 6.40643e-13 secs. Max time remaining: 55 mins, 60 secs. Auto Shutoff: 0.0115119
65.0783% complete. Elapsed simulation time: 6.50783e-13 secs. Max time remaining: 54 mins, 25 secs. Auto Shutoff: 0.0109749
66.0923% complete. Elapsed simulation time: 6.60923e-13 secs. Max time remaining: 52 mins, 50 secs. Auto Shutoff: 0.0103285
67.1063% complete. Elapsed simulation time: 6.71063e-13 secs. Max time remaining: 51 mins, 15 secs. Auto Shutoff: 0.00989549
68.1203% complete. Elapsed simulation time: 6.81203e-13 secs. Max time remaining: 49 mins, 40 secs. Auto Shutoff: 0.00959983
69.1343% complete. Elapsed simulation time: 6.91343e-13 secs. Max time remaining: 48 mins, 5 secs. Auto Shutoff: 0.00918865
70.1483% complete. Elapsed simulation time: 7.01483e-13 secs. Max time remaining: 46 mins, 31 secs. Auto Shutoff: 0.00867805
71.1623% complete. Elapsed simulation time: 7.11623e-13 secs. Max time remaining: 44 mins, 56 secs. Auto Shutoff: 0.00813129
72.1764% complete. Elapsed simulation time: 7.21764e-13 secs. Max time remaining: 43 mins, 22 secs. Auto Shutoff: 0.00779365
73.1904% complete. Elapsed simulation time: 7.31904e-13 secs. Max time remaining: 41 mins, 47 secs. Auto Shutoff: 0.00741272
74.2044% complete. Elapsed simulation time: 7.42044e-13 secs. Max time remaining: 40 mins, 12 secs. Auto Shutoff: 0.00720247
75.2184% complete. Elapsed simulation time: 7.52184e-13 secs. Max time remaining: 38 mins, 37 secs. Auto Shutoff: 0.00683352
76.2324% complete. Elapsed simulation time: 7.62324e-13 secs. Max time remaining: 37 mins, 2 secs. Auto Shutoff: 0.00661741
77.2464% complete. Elapsed simulation time: 7.72464e-13 secs. Max time remaining: 35 mins, 27 secs. Auto Shutoff: 0.00645568
78.2604% complete. Elapsed simulation time: 7.82604e-13 secs. Max time remaining: 33 mins, 52 secs. Auto Shutoff: 0.00609325
79.2744% complete. Elapsed simulation time: 7.92744e-13 secs. Max time remaining: 32 mins, 18 secs. Auto Shutoff: 0.00581732
80.2884% complete. Elapsed simulation time: 8.02884e-13 secs. Max time remaining: 30 mins, 43 secs. Auto Shutoff: 0.00572431
81.3025% complete. Elapsed simulation time: 8.13025e-13 secs. Max time remaining: 29 mins, 8 secs. Auto Shutoff: 0.0054314
82.3165% complete. Elapsed simulation time: 8.23165e-13 secs. Max time remaining: 27 mins, 33 secs. Auto Shutoff: 0.00534263
83.3305% complete. Elapsed simulation time: 8.33305e-13 secs. Max time remaining: 25 mins, 58 secs. Auto Shutoff: 0.00519026
84.3445% complete. Elapsed simulation time: 8.43445e-13 secs. Max time remaining: 24 mins, 24 secs. Auto Shutoff: 0.00488145
85.3585% complete. Elapsed simulation time: 8.53585e-13 secs. Max time remaining: 22 mins, 49 secs. Auto Shutoff: 0.00471037
86.3725% complete. Elapsed simulation time: 8.63725e-13 secs. Max time remaining: 21 mins, 14 secs. Auto Shutoff: 0.00452423
87.3865% complete. Elapsed simulation time: 8.73865e-13 secs. Max time remaining: 19 mins, 39 secs. Auto Shutoff: 0.00442967
88.4005% complete. Elapsed simulation time: 8.84005e-13 secs. Max time remaining: 18 mins, 4 secs. Auto Shutoff: 0.00426498
89.4145% complete. Elapsed simulation time: 8.94145e-13 secs. Max time remaining: 16 mins, 29 secs. Auto Shutoff: 0.0041691
90.4285% complete. Elapsed simulation time: 9.04285e-13 secs. Max time remaining: 14 mins, 54 secs. Auto Shutoff: 0.00394032
91.4426% complete. Elapsed simulation time: 9.14426e-13 secs. Max time remaining: 13 mins, 20 secs. Auto Shutoff: 0.00385688
92.4566% complete. Elapsed simulation time: 9.24566e-13 secs. Max time remaining: 11 mins, 45 secs. Auto Shutoff: 0.00366722
93.4706% complete. Elapsed simulation time: 9.34706e-13 secs. Max time remaining: 10 mins, 10 secs. Auto Shutoff: 0.00359604
94.4846% complete. Elapsed simulation time: 9.44846e-13 secs. Max time remaining: 8 mins, 35 secs. Auto Shutoff: 0.00354828
95.4986% complete. Elapsed simulation time: 9.54986e-13 secs. Max time remaining: 7 mins, 0 secs. Auto Shutoff: 0.00343009
96.5126% complete. Elapsed simulation time: 9.65126e-13 secs. Max time remaining: 5 mins, 26 secs. Auto Shutoff: 0.00316913
97.5266% complete. Elapsed simulation time: 9.75266e-13 secs. Max time remaining: 3 mins, 51 secs. Auto Shutoff: 0.00311222
98.5406% complete. Elapsed simulation time: 9.85406e-13 secs. Max time remaining: 2 mins, 16 secs. Auto Shutoff: 0.00303554
99.5546% complete. Elapsed simulation time: 9.95546e-13 secs. Max time remaining: 42 secs. Auto Shutoff: 0.00292058
Completed 13215 iterations, or 1.000011e-12s of Simulation Time
Process 0 starting to collect data
    collecting monitor data
    collecting source data
Finished collecting data
Simulation completed successfully at: Fri Jan 26 14:27:40 2024
Overall wall time measurements in seconds: 9699.76
    time to mesh and initialize: 335.667
    time to run FDTD simulation: 9328.83
    time to checkpoint simulation: 4e-07
    time to finalize data and save to files: 3.5389
    miscellaneous time: 31.7221
    FDTD solver speed on process 0: 91.7691 Mnodes/s
    total FDTD solver speed on 4 processes: 367.076 Mnodes/s
