Ansys Lumerical 2022 R2.4 FDTD Solver Version 8.28.3216 (Windows 64bit)
 expires (month/day/year): 7/31/2024
using config file: Ansys Licensing set with ANSYSLMD_LICENSE_FILE
license host: 1055@ece-winlic.ece.gatech.edu
current time: Wed Jan 17 07:16:16 2024
Running on host: ece-bh249-01
host available memory (GB): 73.028059
All processes are communicating and ready to proceed to simulation...
Running fsp file: C:\Program Files\Lumerical\v222\bin\fdtd-engine-msmpi.exe -t 4 -remote -shared-solve-license QU5TWVNfTElDRU5TSU5HX0NPTlRFWFRfREFUQT08QU5TWVNfTElDRU5TSU5HX0NPTlRFWFRfREFUQT48SUQ+NjJlZjdkZmItMjJkYi00M2RhLTlhOWMtNWY2ZDljZWJkY2EzPC9JRD48VFlQRT5BUFBfREVGSU5FRDwvVFlQRT48TkFNRT5sdW1fc3RhbmRhcmRfc29sdmVfc2hhcmU8L05BTUU+PEhBTkRMRVI+NTYyMThAZWNlLWJoMjQ5LTAxLmFkLmdhdGVjaC5lZHU8L0hBTkRMRVI+PC9BTlNZU19MSUNFTlNJTkdfQ09OVEVYVF9EQVRBPgo= D:/SIC_NEW_correction_aspectratio_phasex_1_16_24_sweep.fsp
Starting meshing
Simulation size in gridpoints: 1 x 27 x 91
Refined 0 mesh cells (0%)
Completed meshing!
Meshing complete in 0 seconds of CPU time
Starting meshing
Simulation size in gridpoints: 1 x 27 x 91
Refined 0 mesh cells (0%)
Completed meshing!
Meshing complete in 0 seconds of CPU time
Starting meshing
Simulation size in gridpoints: 1 x 27 x 91
Refined 0 mesh cells (0%)
Completed meshing!
Meshing complete in 0 seconds of CPU time
number of processors is 4
processors are distributed as: 1x1x4
Running 3D Simulation
Starting meshing
Simulation size in gridpoints: 51 x 27 x 31
Refined 0 mesh cells (0%)
Completed meshing!
Meshing complete in 0.0625 seconds of CPU time
0 0
Starting meshing
Simulation size in gridpoints: 51 x 27 x 31
Refined 0 mesh cells (0%)
Completed meshing!
Meshing complete in 0.125 seconds of CPU time
0 0
Starting meshing
Simulation size in gridpoints: 51 x 27 x 31
Refined 0 mesh cells (0%)
Completed meshing!
Meshing complete in 0.0625 seconds of CPU time
0 0
finished material properties
Meshing Time: 0.0431353 seconds, Init Electrical Material Time: 0.0028181 seconds, Init Magnetic Material Time: 0.0001498
Using selected optimization level: 2
Selecting 3d kernel for splitFieldDirection=0 and optLevel=2
-----------------------------------------
Beginning initialization of 3D Simulation
Starting to add sources to simulation
Adding 3D Mode source propagating in X
Starting to add boundary conditions to simulation
Adding 3D PML BC
Adding 3D PML BC
Adding 3D Periodic BC
Adding 3D Periodic BC
Adding 3D PML BC
Adding 3D Parallel BC
Starting to add monitors to Simulation
Adding analysis monitor
Adding 3D DFT monitor
Finished initialization of 3D Simulation
-----------------------------------------
All processes are communicating and ready to proceed to simulation...
Starting 15846 total iterations
0.302908% complete. Elapsed simulation time: 1.51454e-15 secs. Max time remaining: 11 secs. Auto Shutoff: 1
1.51454% complete. Elapsed simulation time: 7.57271e-15 secs. Max time remaining: 10 secs. Auto Shutoff: 1
3.13005% complete. Elapsed simulation time: 1.56503e-14 secs. Max time remaining: 10 secs. Auto Shutoff: 1
6.36108% complete. Elapsed simulation time: 3.18054e-14 secs. Max time remaining: 10 secs. Auto Shutoff: 0.367121
12.8231% complete. Elapsed simulation time: 6.41156e-14 secs. Max time remaining: 9 secs. Auto Shutoff: 0.0482025
25.7472% complete. Elapsed simulation time: 1.28736e-13 secs. Max time remaining: 8 secs. Auto Shutoff: 0.00297153
38.6713% complete. Elapsed simulation time: 1.93357e-13 secs. Max time remaining: 7 secs. Auto Shutoff: 0.000737686
51.5954% complete. Elapsed simulation time: 2.57977e-13 secs. Max time remaining: 5 secs. Auto Shutoff: 0.000381015
61.4589% complete. Elapsed simulation time: 3.07294e-13 secs. Max time remaining: 4 secs. Auto Shutoff: 9.63105e-05
100% complete. Max time remaining: 0 mins, 0 secs. Auto Shutoff: 9.63105e-05
Early termination of simulation, the autoshutoff criteria are satisfied.
Completed 9739 iterations, or 3.072943e-13s of Simulation Time
Process 0 starting to collect data
    collecting monitor data
    collecting source data
Finished collecting data
Simulation completed successfully at: Wed Jan 17 07:16:24 2024
Overall wall time measurements in seconds: 7.78165
    time to mesh and initialize: 0.17496
    time to run FDTD simulation: 6.66971
    time to checkpoint simulation: 4e-07
    time to finalize data and save to files: 0.0153943
    miscellaneous time: 0.921547
    FDTD solver speed on process 0: 62.3308 Mnodes/s
    total FDTD solver speed on 4 processes: 249.323 Mnodes/s
